{"/home/sierra/Desktop/projects/kiro_typing/src/background/background.js": {"path":"/home/sierra/Desktop/projects/kiro_typing/src/background/background.js","statementMap":{"0":{"start":{"line":8,"column":21},"end":{"line":8,"column":30}},"1":{"start":{"line":11,"column":0},"end":{"line":36,"column":3}},"2":{"start":{"line":12,"column":2},"end":{"line":12,"column":78}},"3":{"start":{"line":15,"column":2},"end":{"line":32,"column":3}},"4":{"start":{"line":17,"column":6},"end":{"line":17,"column":60}},"5":{"start":{"line":19,"column":6},"end":{"line":19,"column":34}},"6":{"start":{"line":20,"column":6},"end":{"line":20,"column":12}},"7":{"start":{"line":23,"column":6},"end":{"line":23,"column":77}},"8":{"start":{"line":25,"column":6},"end":{"line":25,"column":53}},"9":{"start":{"line":26,"column":6},"end":{"line":26,"column":12}},"10":{"start":{"line":30,"column":6},"end":{"line":30,"column":53}},"11":{"start":{"line":31,"column":6},"end":{"line":31,"column":12}},"12":{"start":{"line":35,"column":2},"end":{"line":35,"column":23}},"13":{"start":{"line":39,"column":0},"end":{"line":47,"column":3}},"14":{"start":{"line":40,"column":2},"end":{"line":40,"column":56}},"15":{"start":{"line":43,"column":2},"end":{"line":43,"column":25}},"16":{"start":{"line":46,"column":2},"end":{"line":46,"column":23}},"17":{"start":{"line":53,"column":2},"end":{"line":77,"column":3}},"18":{"start":{"line":54,"column":19},"end":{"line":54,"column":74}},"19":{"start":{"line":56,"column":4},"end":{"line":74,"column":5}},"20":{"start":{"line":57,"column":30},"end":{"line":67,"column":7}},"21":{"start":{"line":69,"column":6},"end":{"line":71,"column":9}},"22":{"start":{"line":73,"column":6},"end":{"line":73,"column":50}},"23":{"start":{"line":76,"column":4},"end":{"line":76,"column":65}},"24":{"start":{"line":85,"column":2},"end":{"line":96,"column":3}},"25":{"start":{"line":87,"column":4},"end":{"line":87,"column":78}},"26":{"start":{"line":95,"column":4},"end":{"line":95,"column":61}},"27":{"start":{"line":100,"column":0},"end":{"line":148,"column":3}},"28":{"start":{"line":101,"column":2},"end":{"line":147,"column":3}},"29":{"start":{"line":103,"column":4},"end":{"line":106,"column":5}},"30":{"start":{"line":104,"column":6},"end":{"line":104,"column":59}},"31":{"start":{"line":105,"column":6},"end":{"line":105,"column":13}},"32":{"start":{"line":109,"column":21},"end":{"line":111,"column":6}},"33":{"start":{"line":113,"column":4},"end":{"line":123,"column":5}},"34":{"start":{"line":115,"column":6},"end":{"line":117,"column":9}},"35":{"start":{"line":120,"column":6},"end":{"line":122,"column":9}},"36":{"start":{"line":125,"column":4},"end":{"line":125,"column":67}},"37":{"start":{"line":128,"column":4},"end":{"line":146,"column":5}},"38":{"start":{"line":129,"column":6},"end":{"line":132,"column":9}},"39":{"start":{"line":135,"column":6},"end":{"line":143,"column":14}},"40":{"start":{"line":136,"column":8},"end":{"line":142,"column":9}},"41":{"start":{"line":137,"column":10},"end":{"line":139,"column":13}},"42":{"start":{"line":141,"column":10},"end":{"line":141,"column":88}},"43":{"start":{"line":145,"column":6},"end":{"line":145,"column":71}},"44":{"start":{"line":151,"column":0},"end":{"line":186,"column":3}},"45":{"start":{"line":152,"column":2},"end":{"line":152,"column":80}},"46":{"start":{"line":154,"column":2},"end":{"line":183,"column":3}},"47":{"start":{"line":156,"column":6},"end":{"line":156,"column":59}},"48":{"start":{"line":157,"column":6},"end":{"line":157,"column":38}},"49":{"start":{"line":158,"column":6},"end":{"line":158,"column":12}},"50":{"start":{"line":162,"column":6},"end":{"line":176,"column":7}},"51":{"start":{"line":163,"column":8},"end":{"line":166,"column":11}},"52":{"start":{"line":167,"column":8},"end":{"line":170,"column":11}},"53":{"start":{"line":172,"column":8},"end":{"line":175,"column":11}},"54":{"start":{"line":177,"column":6},"end":{"line":177,"column":38}},"55":{"start":{"line":178,"column":6},"end":{"line":178,"column":12}},"56":{"start":{"line":181,"column":6},"end":{"line":181,"column":74}},"57":{"start":{"line":182,"column":6},"end":{"line":182,"column":64}},"58":{"start":{"line":185,"column":2},"end":{"line":185,"column":14}},"59":{"start":{"line":194,"column":2},"end":{"line":256,"column":5}},"60":{"start":{"line":195,"column":4},"end":{"line":255,"column":5}},"61":{"start":{"line":197,"column":6},"end":{"line":201,"column":9}},"62":{"start":{"line":203,"column":6},"end":{"line":208,"column":9}},"63":{"start":{"line":210,"column":6},"end":{"line":215,"column":9}},"64":{"start":{"line":217,"column":6},"end":{"line":222,"column":9}},"65":{"start":{"line":224,"column":6},"end":{"line":229,"column":9}},"66":{"start":{"line":231,"column":6},"end":{"line":236,"column":9}},"67":{"start":{"line":238,"column":6},"end":{"line":243,"column":9}},"68":{"start":{"line":245,"column":6},"end":{"line":250,"column":9}},"69":{"start":{"line":252,"column":6},"end":{"line":252,"column":68}},"70":{"start":{"line":254,"column":6},"end":{"line":254,"column":72}},"71":{"start":{"line":263,"column":0},"end":{"line":326,"column":3}},"72":{"start":{"line":264,"column":2},"end":{"line":264,"column":86}},"73":{"start":{"line":266,"column":2},"end":{"line":325,"column":3}},"74":{"start":{"line":269,"column":4},"end":{"line":309,"column":5}},"75":{"start":{"line":271,"column":8},"end":{"line":273,"column":11}},"76":{"start":{"line":274,"column":8},"end":{"line":274,"column":66}},"77":{"start":{"line":275,"column":8},"end":{"line":275,"column":14}},"78":{"start":{"line":278,"column":8},"end":{"line":280,"column":11}},"79":{"start":{"line":281,"column":8},"end":{"line":281,"column":66}},"80":{"start":{"line":282,"column":8},"end":{"line":282,"column":14}},"81":{"start":{"line":286,"column":8},"end":{"line":286,"column":67}},"82":{"start":{"line":287,"column":8},"end":{"line":289,"column":11}},"83":{"start":{"line":290,"column":8},"end":{"line":290,"column":70}},"84":{"start":{"line":291,"column":8},"end":{"line":291,"column":14}},"85":{"start":{"line":294,"column":8},"end":{"line":296,"column":11}},"86":{"start":{"line":297,"column":8},"end":{"line":297,"column":69}},"87":{"start":{"line":298,"column":8},"end":{"line":298,"column":14}},"88":{"start":{"line":301,"column":8},"end":{"line":303,"column":11}},"89":{"start":{"line":304,"column":8},"end":{"line":304,"column":72}},"90":{"start":{"line":305,"column":8},"end":{"line":305,"column":14}},"91":{"start":{"line":308,"column":8},"end":{"line":308,"column":80}},"92":{"start":{"line":311,"column":4},"end":{"line":311,"column":75}},"93":{"start":{"line":314,"column":4},"end":{"line":324,"column":5}},"94":{"start":{"line":315,"column":6},"end":{"line":323,"column":7}},"95":{"start":{"line":316,"column":8},"end":{"line":319,"column":11}},"96":{"start":{"line":320,"column":8},"end":{"line":320,"column":84}},"97":{"start":{"line":322,"column":8},"end":{"line":322,"column":86}}},"fnMap":{"0":{"name":"(anonymous_0)","decl":{"start":{"line":11,"column":39},"end":{"line":11,"column":40}},"loc":{"start":{"line":11,"column":52},"end":{"line":36,"column":1}},"line":11},"1":{"name":"(anonymous_1)","decl":{"start":{"line":39,"column":37},"end":{"line":39,"column":38}},"loc":{"start":{"line":39,"column":43},"end":{"line":47,"column":1}},"line":39},"2":{"name":"initializeDefaultSettings","decl":{"start":{"line":52,"column":15},"end":{"line":52,"column":40}},"loc":{"start":{"line":52,"column":43},"end":{"line":78,"column":1}},"line":52},"3":{"name":"handleExtensionUpdate","decl":{"start":{"line":84,"column":15},"end":{"line":84,"column":36}},"loc":{"start":{"line":84,"column":54},"end":{"line":97,"column":1}},"line":84},"4":{"name":"(anonymous_4)","decl":{"start":{"line":100,"column":36},"end":{"line":100,"column":37}},"loc":{"start":{"line":100,"column":51},"end":{"line":148,"column":1}},"line":100},"5":{"name":"(anonymous_5)","decl":{"start":{"line":135,"column":17},"end":{"line":135,"column":18}},"loc":{"start":{"line":135,"column":29},"end":{"line":143,"column":7}},"line":135},"6":{"name":"(anonymous_6)","decl":{"start":{"line":151,"column":37},"end":{"line":151,"column":38}},"loc":{"start":{"line":151,"column":72},"end":{"line":186,"column":1}},"line":151},"7":{"name":"createContextMenus","decl":{"start":{"line":192,"column":9},"end":{"line":192,"column":27}},"loc":{"start":{"line":192,"column":30},"end":{"line":257,"column":1}},"line":192},"8":{"name":"(anonymous_8)","decl":{"start":{"line":194,"column":32},"end":{"line":194,"column":33}},"loc":{"start":{"line":194,"column":38},"end":{"line":256,"column":3}},"line":194},"9":{"name":"(anonymous_9)","decl":{"start":{"line":263,"column":42},"end":{"line":263,"column":43}},"loc":{"start":{"line":263,"column":63},"end":{"line":326,"column":1}},"line":263}},"branchMap":{"0":{"loc":{"start":{"line":15,"column":2},"end":{"line":32,"column":3}},"type":"switch","locations":[{"start":{"line":16,"column":4},"end":{"line":20,"column":12}},{"start":{"line":22,"column":4},"end":{"line":26,"column":12}},{"start":{"line":28,"column":4},"end":{"line":28,"column":25}},{"start":{"line":29,"column":4},"end":{"line":31,"column":12}}],"line":15},"1":{"loc":{"start":{"line":56,"column":4},"end":{"line":74,"column":5}},"type":"if","locations":[{"start":{"line":56,"column":4},"end":{"line":74,"column":5}},{"start":{},"end":{}}],"line":56},"2":{"loc":{"start":{"line":103,"column":4},"end":{"line":106,"column":5}},"type":"if","locations":[{"start":{"line":103,"column":4},"end":{"line":106,"column":5}},{"start":{},"end":{}}],"line":103},"3":{"loc":{"start":{"line":103,"column":8},"end":{"line":103,"column":96}},"type":"binary-expr","locations":[{"start":{"line":103,"column":8},"end":{"line":103,"column":16}},{"start":{"line":103,"column":20},"end":{"line":103,"column":51}},{"start":{"line":103,"column":55},"end":{"line":103,"column":96}}],"line":103},"4":{"loc":{"start":{"line":113,"column":4},"end":{"line":123,"column":5}},"type":"if","locations":[{"start":{"line":113,"column":4},"end":{"line":123,"column":5}},{"start":{"line":118,"column":11},"end":{"line":123,"column":5}}],"line":113},"5":{"loc":{"start":{"line":113,"column":8},"end":{"line":113,"column":37}},"type":"binary-expr","locations":[{"start":{"line":113,"column":8},"end":{"line":113,"column":16}},{"start":{"line":113,"column":20},"end":{"line":113,"column":37}}],"line":113},"6":{"loc":{"start":{"line":154,"column":2},"end":{"line":183,"column":3}},"type":"switch","locations":[{"start":{"line":155,"column":4},"end":{"line":158,"column":12}},{"start":{"line":160,"column":4},"end":{"line":178,"column":12}},{"start":{"line":180,"column":4},"end":{"line":182,"column":64}}],"line":154},"7":{"loc":{"start":{"line":162,"column":6},"end":{"line":176,"column":7}},"type":"if","locations":[{"start":{"line":162,"column":6},"end":{"line":176,"column":7}},{"start":{"line":171,"column":13},"end":{"line":176,"column":7}}],"line":162},"8":{"loc":{"start":{"line":162,"column":10},"end":{"line":162,"column":55}},"type":"binary-expr","locations":[{"start":{"line":162,"column":10},"end":{"line":162,"column":22}},{"start":{"line":162,"column":26},"end":{"line":162,"column":55}}],"line":162},"9":{"loc":{"start":{"line":269,"column":4},"end":{"line":309,"column":5}},"type":"switch","locations":[{"start":{"line":270,"column":6},"end":{"line":275,"column":14}},{"start":{"line":277,"column":6},"end":{"line":282,"column":14}},{"start":{"line":284,"column":6},"end":{"line":291,"column":14}},{"start":{"line":293,"column":6},"end":{"line":298,"column":14}},{"start":{"line":300,"column":6},"end":{"line":305,"column":14}},{"start":{"line":307,"column":6},"end":{"line":308,"column":80}}],"line":269},"10":{"loc":{"start":{"line":314,"column":4},"end":{"line":324,"column":5}},"type":"if","locations":[{"start":{"line":314,"column":4},"end":{"line":324,"column":5}},{"start":{},"end":{}}],"line":314},"11":{"loc":{"start":{"line":314,"column":8},"end":{"line":314,"column":81}},"type":"binary-expr","locations":[{"start":{"line":314,"column":8},"end":{"line":314,"column":21}},{"start":{"line":314,"column":25},"end":{"line":314,"column":81}}],"line":314}},"s":{"0":0,"1":0,"2":0,"3":0,"4":0,"5":0,"6":0,"7":0,"8":0,"9":0,"10":0,"11":0,"12":0,"13":0,"14":0,"15":0,"16":0,"17":0,"18":0,"19":0,"20":0,"21":0,"22":0,"23":0,"24":0,"25":0,"26":0,"27":0,"28":0,"29":0,"30":0,"31":0,"32":0,"33":0,"34":0,"35":0,"36":0,"37":0,"38":0,"39":0,"40":0,"41":0,"42":0,"43":0,"44":0,"45":0,"46":0,"47":0,"48":0,"49":0,"50":0,"51":0,"52":0,"53":0,"54":0,"55":0,"56":0,"57":0,"58":0,"59":0,"60":0,"61":0,"62":0,"63":0,"64":0,"65":0,"66":0,"67":0,"68":0,"69":0,"70":0,"71":0,"72":0,"73":0,"74":0,"75":0,"76":0,"77":0,"78":0,"79":0,"80":0,"81":0,"82":0,"83":0,"84":0,"85":0,"86":0,"87":0,"88":0,"89":0,"90":0,"91":0,"92":0,"93":0,"94":0,"95":0,"96":0,"97":0},"f":{"0":0,"1":0,"2":0,"3":0,"4":0,"5":0,"6":0,"7":0,"8":0,"9":0},"b":{"0":[0,0,0,0],"1":[0,0],"2":[0,0],"3":[0,0,0],"4":[0,0],"5":[0,0],"6":[0,0,0],"7":[0,0],"8":[0,0],"9":[0,0,0,0,0,0],"10":[0,0],"11":[0,0]}}
,"/home/sierra/Desktop/projects/kiro_typing/src/content/content-script.js": {"path":"/home/sierra/Desktop/projects/kiro_typing/src/content/content-script.js","statementMap":{"0":{"start":{"line":15,"column":4},"end":{"line":15,"column":33}},"1":{"start":{"line":23,"column":22},"end":{"line":23,"column":43}},"2":{"start":{"line":25,"column":4},"end":{"line":27,"column":5}},"3":{"start":{"line":26,"column":6},"end":{"line":26,"column":18}},"4":{"start":{"line":29,"column":18},"end":{"line":29,"column":41}},"5":{"start":{"line":30,"column":25},"end":{"line":30,"column":54}},"6":{"start":{"line":32,"column":4},"end":{"line":40,"column":6}},"7":{"start":{"line":49,"column":4},"end":{"line":100,"column":5}},"8":{"start":{"line":51,"column":6},"end":{"line":53,"column":7}},"9":{"start":{"line":52,"column":8},"end":{"line":52,"column":21}},"10":{"start":{"line":55,"column":27},"end":{"line":55,"column":54}},"11":{"start":{"line":58,"column":6},"end":{"line":60,"column":7}},"12":{"start":{"line":59,"column":8},"end":{"line":59,"column":21}},"13":{"start":{"line":63,"column":6},"end":{"line":65,"column":7}},"14":{"start":{"line":64,"column":8},"end":{"line":64,"column":21}},"15":{"start":{"line":68,"column":6},"end":{"line":70,"column":7}},"16":{"start":{"line":69,"column":8},"end":{"line":69,"column":21}},"17":{"start":{"line":73,"column":20},"end":{"line":73,"column":43}},"18":{"start":{"line":74,"column":6},"end":{"line":76,"column":7}},"19":{"start":{"line":75,"column":8},"end":{"line":75,"column":21}},"20":{"start":{"line":78,"column":24},"end":{"line":78,"column":53}},"21":{"start":{"line":79,"column":6},"end":{"line":81,"column":7}},"22":{"start":{"line":80,"column":8},"end":{"line":80,"column":21}},"23":{"start":{"line":83,"column":28},"end":{"line":85,"column":19}},"24":{"start":{"line":87,"column":6},"end":{"line":89,"column":7}},"25":{"start":{"line":88,"column":8},"end":{"line":88,"column":21}},"26":{"start":{"line":92,"column":6},"end":{"line":94,"column":7}},"27":{"start":{"line":93,"column":8},"end":{"line":93,"column":21}},"28":{"start":{"line":96,"column":6},"end":{"line":96,"column":18}},"29":{"start":{"line":98,"column":6},"end":{"line":98,"column":58}},"30":{"start":{"line":99,"column":6},"end":{"line":99,"column":19}},"31":{"start":{"line":109,"column":4},"end":{"line":111,"column":5}},"32":{"start":{"line":110,"column":6},"end":{"line":110,"column":18}},"33":{"start":{"line":113,"column":18},"end":{"line":113,"column":41}},"34":{"start":{"line":114,"column":21},"end":{"line":114,"column":42}},"35":{"start":{"line":117,"column":20},"end":{"line":117,"column":49}},"36":{"start":{"line":118,"column":4},"end":{"line":118,"column":34}},"37":{"start":{"line":120,"column":17},"end":{"line":120,"column":37}},"38":{"start":{"line":121,"column":23},"end":{"line":121,"column":58}},"39":{"start":{"line":122,"column":26},"end":{"line":122,"column":67}},"40":{"start":{"line":124,"column":4},"end":{"line":130,"column":6}},"41":{"start":{"line":139,"column":4},"end":{"line":141,"column":5}},"42":{"start":{"line":140,"column":6},"end":{"line":140,"column":16}},"43":{"start":{"line":143,"column":18},"end":{"line":143,"column":41}},"44":{"start":{"line":144,"column":21},"end":{"line":144,"column":42}},"45":{"start":{"line":145,"column":20},"end":{"line":145,"column":49}},"46":{"start":{"line":146,"column":4},"end":{"line":146,"column":34}},"47":{"start":{"line":148,"column":4},"end":{"line":148,"column":29}},"48":{"start":{"line":158,"column":24},"end":{"line":158,"column":26}},"49":{"start":{"line":159,"column":20},"end":{"line":159,"column":21}},"50":{"start":{"line":160,"column":22},"end":{"line":160,"column":24}},"51":{"start":{"line":162,"column":22},"end":{"line":224,"column":5}},"52":{"start":{"line":163,"column":6},"end":{"line":223,"column":7}},"53":{"start":{"line":164,"column":25},"end":{"line":164,"column":41}},"54":{"start":{"line":165,"column":8},"end":{"line":179,"column":9}},"55":{"start":{"line":167,"column":27},"end":{"line":175,"column":11}},"56":{"start":{"line":177,"column":10},"end":{"line":177,"column":37}},"57":{"start":{"line":178,"column":10},"end":{"line":178,"column":39}},"58":{"start":{"line":180,"column":13},"end":{"line":223,"column":7}},"59":{"start":{"line":181,"column":27},"end":{"line":181,"column":36}},"60":{"start":{"line":182,"column":30},"end":{"line":182,"column":58}},"61":{"start":{"line":183,"column":29},"end":{"line":183,"column":66}},"62":{"start":{"line":186,"column":28},"end":{"line":191,"column":9}},"63":{"start":{"line":192,"column":8},"end":{"line":192,"column":36}},"64":{"start":{"line":195,"column":27},"end":{"line":195,"column":54}},"65":{"start":{"line":196,"column":8},"end":{"line":196,"column":79}},"66":{"start":{"line":196,"column":36},"end":{"line":196,"column":77}},"67":{"start":{"line":198,"column":25},"end":{"line":198,"column":38}},"68":{"start":{"line":201,"column":8},"end":{"line":219,"column":9}},"69":{"start":{"line":202,"column":30},"end":{"line":216,"column":11}},"70":{"start":{"line":218,"column":10},"end":{"line":218,"column":40}},"71":{"start":{"line":222,"column":8},"end":{"line":222,"column":24}},"72":{"start":{"line":226,"column":4},"end":{"line":226,"column":25}},"73":{"start":{"line":229,"column":4},"end":{"line":234,"column":7}},"74":{"start":{"line":230,"column":6},"end":{"line":232,"column":7}},"75":{"start":{"line":231,"column":8},"end":{"line":231,"column":43}},"76":{"start":{"line":233,"column":6},"end":{"line":233,"column":31}},"77":{"start":{"line":236,"column":4},"end":{"line":236,"column":23}},"78":{"start":{"line":245,"column":23},"end":{"line":251,"column":5}},"79":{"start":{"line":253,"column":20},"end":{"line":253,"column":49}},"80":{"start":{"line":254,"column":26},"end":{"line":254,"column":58}},"81":{"start":{"line":256,"column":4},"end":{"line":258,"column":52}},"82":{"start":{"line":267,"column":22},"end":{"line":272,"column":5}},"83":{"start":{"line":274,"column":20},"end":{"line":274,"column":49}},"84":{"start":{"line":275,"column":26},"end":{"line":275,"column":58}},"85":{"start":{"line":277,"column":4},"end":{"line":279,"column":49}},"86":{"start":{"line":288,"column":20},"end":{"line":288,"column":49}},"87":{"start":{"line":291,"column":24},"end":{"line":304,"column":5}},"88":{"start":{"line":306,"column":4},"end":{"line":306,"column":45}},"89":{"start":{"line":316,"column":26},"end":{"line":316,"column":28}},"90":{"start":{"line":319,"column":4},"end":{"line":326,"column":5}},"91":{"start":{"line":319,"column":17},"end":{"line":319,"column":18}},"92":{"start":{"line":320,"column":19},"end":{"line":320,"column":26}},"93":{"start":{"line":323,"column":6},"end":{"line":325,"column":7}},"94":{"start":{"line":324,"column":8},"end":{"line":324,"column":30}},"95":{"start":{"line":328,"column":4},"end":{"line":328,"column":25}},"96":{"start":{"line":337,"column":21},"end":{"line":337,"column":39}},"97":{"start":{"line":340,"column":4},"end":{"line":342,"column":5}},"98":{"start":{"line":341,"column":6},"end":{"line":341,"column":18}},"99":{"start":{"line":346,"column":4},"end":{"line":346,"column":62}},"100":{"start":{"line":346,"column":50},"end":{"line":346,"column":62}},"101":{"start":{"line":347,"column":4},"end":{"line":347,"column":62}},"102":{"start":{"line":347,"column":50},"end":{"line":347,"column":62}},"103":{"start":{"line":348,"column":4},"end":{"line":348,"column":62}},"104":{"start":{"line":348,"column":50},"end":{"line":348,"column":62}},"105":{"start":{"line":349,"column":4},"end":{"line":349,"column":62}},"106":{"start":{"line":349,"column":50},"end":{"line":349,"column":62}},"107":{"start":{"line":351,"column":4},"end":{"line":351,"column":17}},"108":{"start":{"line":360,"column":4},"end":{"line":360,"column":31}},"109":{"start":{"line":360,"column":18},"end":{"line":360,"column":31}},"110":{"start":{"line":362,"column":25},"end":{"line":362,"column":56}},"111":{"start":{"line":363,"column":26},"end":{"line":363,"column":72}},"112":{"start":{"line":365,"column":18},"end":{"line":365,"column":25}},"113":{"start":{"line":366,"column":4},"end":{"line":382,"column":5}},"114":{"start":{"line":368,"column":6},"end":{"line":374,"column":7}},"115":{"start":{"line":369,"column":8},"end":{"line":372,"column":9}},"116":{"start":{"line":370,"column":28},"end":{"line":370,"column":78}},"117":{"start":{"line":371,"column":10},"end":{"line":371,"column":51}},"118":{"start":{"line":373,"column":8},"end":{"line":373,"column":20}},"119":{"start":{"line":377,"column":6},"end":{"line":379,"column":7}},"120":{"start":{"line":378,"column":8},"end":{"line":378,"column":20}},"121":{"start":{"line":381,"column":6},"end":{"line":381,"column":38}},"122":{"start":{"line":384,"column":4},"end":{"line":384,"column":17}},"123":{"start":{"line":393,"column":26},"end":{"line":393,"column":65}},"124":{"start":{"line":394,"column":23},"end":{"line":394,"column":25}},"125":{"start":{"line":396,"column":4},"end":{"line":400,"column":7}},"126":{"start":{"line":397,"column":6},"end":{"line":399,"column":7}},"127":{"start":{"line":398,"column":8},"end":{"line":398,"column":54}},"128":{"start":{"line":402,"column":4},"end":{"line":402,"column":22}},"129":{"start":{"line":411,"column":26},"end":{"line":411,"column":58}},"130":{"start":{"line":414,"column":23},"end":{"line":418,"column":5}},"131":{"start":{"line":420,"column":25},"end":{"line":424,"column":5}},"132":{"start":{"line":426,"column":19},"end":{"line":430,"column":5}},"133":{"start":{"line":433,"column":4},"end":{"line":439,"column":7}},"134":{"start":{"line":434,"column":20},"end":{"line":434,"column":40}},"135":{"start":{"line":435,"column":6},"end":{"line":438,"column":7}},"136":{"start":{"line":436,"column":8},"end":{"line":436,"column":35}},"137":{"start":{"line":437,"column":8},"end":{"line":437,"column":39}},"138":{"start":{"line":442,"column":4},"end":{"line":449,"column":5}},"139":{"start":{"line":443,"column":6},"end":{"line":448,"column":9}},"140":{"start":{"line":444,"column":22},"end":{"line":444,"column":42}},"141":{"start":{"line":445,"column":8},"end":{"line":447,"column":9}},"142":{"start":{"line":446,"column":10},"end":{"line":446,"column":39}},"143":{"start":{"line":452,"column":20},"end":{"line":452,"column":49}},"144":{"start":{"line":453,"column":4},"end":{"line":455,"column":5}},"145":{"start":{"line":454,"column":6},"end":{"line":454,"column":42}},"146":{"start":{"line":457,"column":4},"end":{"line":460,"column":5}},"147":{"start":{"line":458,"column":6},"end":{"line":458,"column":40}},"148":{"start":{"line":459,"column":6},"end":{"line":459,"column":46}},"149":{"start":{"line":462,"column":4},"end":{"line":462,"column":18}},"150":{"start":{"line":472,"column":28},"end":{"line":472,"column":33}},"151":{"start":{"line":473,"column":27},"end":{"line":473,"column":31}},"152":{"start":{"line":474,"column":22},"end":{"line":474,"column":26}},"153":{"start":{"line":477,"column":29},"end":{"line":477,"column":55}},"154":{"start":{"line":483,"column":2},"end":{"line":488,"column":3}},"155":{"start":{"line":484,"column":4},"end":{"line":484,"column":57}},"156":{"start":{"line":485,"column":4},"end":{"line":485,"column":41}},"157":{"start":{"line":486,"column":4},"end":{"line":486,"column":32}},"158":{"start":{"line":487,"column":4},"end":{"line":487,"column":53}},"159":{"start":{"line":495,"column":2},"end":{"line":495,"column":58}},"160":{"start":{"line":498,"column":2},"end":{"line":498,"column":42}},"161":{"start":{"line":499,"column":2},"end":{"line":499,"column":39}},"162":{"start":{"line":500,"column":2},"end":{"line":500,"column":41}},"163":{"start":{"line":503,"column":2},"end":{"line":503,"column":63}},"164":{"start":{"line":506,"column":2},"end":{"line":506,"column":28}},"165":{"start":{"line":509,"column":2},"end":{"line":509,"column":33}},"166":{"start":{"line":512,"column":2},"end":{"line":512,"column":27}},"167":{"start":{"line":515,"column":2},"end":{"line":515,"column":27}},"168":{"start":{"line":524,"column":2},"end":{"line":533,"column":11}},"169":{"start":{"line":525,"column":4},"end":{"line":532,"column":5}},"170":{"start":{"line":526,"column":22},"end":{"line":526,"column":65}},"171":{"start":{"line":528,"column":6},"end":{"line":531,"column":7}},"172":{"start":{"line":529,"column":8},"end":{"line":529,"column":71}},"173":{"start":{"line":530,"column":8},"end":{"line":530,"column":54}},"174":{"start":{"line":541,"column":25},"end":{"line":546,"column":3}},"175":{"start":{"line":542,"column":4},"end":{"line":545,"column":5}},"176":{"start":{"line":543,"column":6},"end":{"line":543,"column":64}},"177":{"start":{"line":544,"column":6},"end":{"line":544,"column":36}},"178":{"start":{"line":548,"column":2},"end":{"line":548,"column":58}},"179":{"start":{"line":549,"column":2},"end":{"line":549,"column":52}},"180":{"start":{"line":559,"column":2},"end":{"line":635,"column":3}},"181":{"start":{"line":560,"column":4},"end":{"line":621,"column":3}},"182":{"start":{"line":562,"column":8},"end":{"line":562,"column":32}},"183":{"start":{"line":563,"column":8},"end":{"line":563,"column":40}},"184":{"start":{"line":564,"column":8},"end":{"line":564,"column":14}},"185":{"start":{"line":567,"column":8},"end":{"line":567,"column":34}},"186":{"start":{"line":568,"column":8},"end":{"line":568,"column":40}},"187":{"start":{"line":569,"column":8},"end":{"line":569,"column":14}},"188":{"start":{"line":572,"column":8},"end":{"line":572,"column":58}},"189":{"start":{"line":573,"column":8},"end":{"line":573,"column":14}},"190":{"start":{"line":577,"column":8},"end":{"line":583,"column":9}},"191":{"start":{"line":578,"column":26},"end":{"line":578,"column":69}},"192":{"start":{"line":579,"column":10},"end":{"line":582,"column":11}},"193":{"start":{"line":580,"column":12},"end":{"line":580,"column":73}},"194":{"start":{"line":581,"column":12},"end":{"line":581,"column":58}},"195":{"start":{"line":585,"column":8},"end":{"line":591,"column":9}},"196":{"start":{"line":592,"column":6},"end":{"line":592,"column":12}},"197":{"start":{"line":595,"column":6},"end":{"line":595,"column":30}},"198":{"start":{"line":596,"column":6},"end":{"line":596,"column":38}},"199":{"start":{"line":597,"column":6},"end":{"line":597,"column":12}},"200":{"start":{"line":600,"column":6},"end":{"line":600,"column":30}},"201":{"start":{"line":601,"column":6},"end":{"line":601,"column":38}},"202":{"start":{"line":602,"column":6},"end":{"line":602,"column":12}},"203":{"start":{"line":605,"column":6},"end":{"line":605,"column":34}},"204":{"start":{"line":606,"column":6},"end":{"line":606,"column":38}},"205":{"start":{"line":607,"column":6},"end":{"line":607,"column":12}},"206":{"start":{"line":610,"column":6},"end":{"line":610,"column":33}},"207":{"start":{"line":611,"column":6},"end":{"line":611,"column":38}},"208":{"start":{"line":612,"column":6},"end":{"line":612,"column":12}},"209":{"start":{"line":615,"column":6},"end":{"line":615,"column":36}},"210":{"start":{"line":616,"column":6},"end":{"line":616,"column":38}},"211":{"start":{"line":617,"column":6},"end":{"line":617,"column":12}},"212":{"start":{"line":620,"column":6},"end":{"line":620,"column":64}},"213":{"start":{"line":623,"column":4},"end":{"line":623,"column":62}},"214":{"start":{"line":624,"column":4},"end":{"line":624,"column":59}},"215":{"start":{"line":627,"column":4},"end":{"line":634,"column":5}},"216":{"start":{"line":628,"column":6},"end":{"line":633,"column":7}},"217":{"start":{"line":629,"column":8},"end":{"line":629,"column":54}},"218":{"start":{"line":631,"column":8},"end":{"line":631,"column":65}},"219":{"start":{"line":632,"column":8},"end":{"line":632,"column":35}},"220":{"start":{"line":642,"column":2},"end":{"line":644,"column":3}},"221":{"start":{"line":643,"column":4},"end":{"line":643,"column":11}},"222":{"start":{"line":646,"column":2},"end":{"line":646,"column":31}},"223":{"start":{"line":649,"column":2},"end":{"line":649,"column":31}},"224":{"start":{"line":652,"column":2},"end":{"line":652,"column":43}},"225":{"start":{"line":655,"column":2},"end":{"line":655,"column":42}},"226":{"start":{"line":657,"column":2},"end":{"line":657,"column":47}},"227":{"start":{"line":664,"column":2},"end":{"line":666,"column":3}},"228":{"start":{"line":665,"column":4},"end":{"line":665,"column":11}},"229":{"start":{"line":668,"column":2},"end":{"line":668,"column":32}},"230":{"start":{"line":671,"column":2},"end":{"line":671,"column":31}},"231":{"start":{"line":674,"column":2},"end":{"line":674,"column":34}},"232":{"start":{"line":677,"column":2},"end":{"line":677,"column":42}},"233":{"start":{"line":679,"column":2},"end":{"line":679,"column":49}},"234":{"start":{"line":687,"column":2},"end":{"line":687,"column":70}},"235":{"start":{"line":690,"column":2},"end":{"line":690,"column":54}},"236":{"start":{"line":693,"column":2},"end":{"line":693,"column":54}},"237":{"start":{"line":696,"column":2},"end":{"line":696,"column":62}},"238":{"start":{"line":703,"column":2},"end":{"line":705,"column":3}},"239":{"start":{"line":704,"column":4},"end":{"line":704,"column":11}},"240":{"start":{"line":707,"column":20},"end":{"line":707,"column":41}},"241":{"start":{"line":710,"column":2},"end":{"line":714,"column":3}},"242":{"start":{"line":711,"column":4},"end":{"line":711,"column":38}},"243":{"start":{"line":713,"column":4},"end":{"line":713,"column":27}},"244":{"start":{"line":722,"column":2},"end":{"line":724,"column":3}},"245":{"start":{"line":723,"column":4},"end":{"line":723,"column":11}},"246":{"start":{"line":727,"column":2},"end":{"line":739,"column":9}},"247":{"start":{"line":728,"column":22},"end":{"line":728,"column":43}},"248":{"start":{"line":730,"column":4},"end":{"line":738,"column":5}},"249":{"start":{"line":731,"column":27},"end":{"line":731,"column":66}},"250":{"start":{"line":733,"column":6},"end":{"line":737,"column":7}},"251":{"start":{"line":734,"column":8},"end":{"line":734,"column":44}},"252":{"start":{"line":736,"column":8},"end":{"line":736,"column":75}},"253":{"start":{"line":747,"column":2},"end":{"line":749,"column":3}},"254":{"start":{"line":748,"column":4},"end":{"line":748,"column":11}},"255":{"start":{"line":752,"column":2},"end":{"line":756,"column":3}},"256":{"start":{"line":753,"column":4},"end":{"line":753,"column":27}},"257":{"start":{"line":754,"column":4},"end":{"line":754,"column":30}},"258":{"start":{"line":755,"column":4},"end":{"line":755,"column":11}},"259":{"start":{"line":759,"column":2},"end":{"line":766,"column":3}},"260":{"start":{"line":760,"column":4},"end":{"line":760,"column":27}},"261":{"start":{"line":761,"column":25},"end":{"line":761,"column":64}},"262":{"start":{"line":763,"column":4},"end":{"line":765,"column":5}},"263":{"start":{"line":764,"column":6},"end":{"line":764,"column":42}},"264":{"start":{"line":774,"column":2},"end":{"line":777,"column":3}},"265":{"start":{"line":775,"column":4},"end":{"line":775,"column":27}},"266":{"start":{"line":776,"column":4},"end":{"line":776,"column":17}},"267":{"start":{"line":785,"column":2},"end":{"line":841,"column":3}},"268":{"start":{"line":787,"column":29},"end":{"line":787,"column":96}},"269":{"start":{"line":789,"column":4},"end":{"line":792,"column":5}},"270":{"start":{"line":790,"column":6},"end":{"line":790,"column":60}},"271":{"start":{"line":791,"column":6},"end":{"line":791,"column":13}},"272":{"start":{"line":795,"column":4},"end":{"line":795,"column":55}},"273":{"start":{"line":798,"column":4},"end":{"line":800,"column":5}},"274":{"start":{"line":799,"column":6},"end":{"line":799,"column":36}},"275":{"start":{"line":803,"column":4},"end":{"line":803,"column":30}},"276":{"start":{"line":806,"column":4},"end":{"line":806,"column":47}},"277":{"start":{"line":809,"column":23},"end":{"line":812,"column":5}},"278":{"start":{"line":815,"column":20},"end":{"line":815,"column":101}},"279":{"start":{"line":817,"column":4},"end":{"line":821,"column":5}},"280":{"start":{"line":818,"column":6},"end":{"line":818,"column":83}},"281":{"start":{"line":819,"column":6},"end":{"line":819,"column":34}},"282":{"start":{"line":820,"column":6},"end":{"line":820,"column":13}},"283":{"start":{"line":823,"column":4},"end":{"line":828,"column":7}},"284":{"start":{"line":831,"column":4},"end":{"line":831,"column":84}},"285":{"start":{"line":834,"column":4},"end":{"line":834,"column":56}},"286":{"start":{"line":835,"column":4},"end":{"line":835,"column":72}},"287":{"start":{"line":838,"column":4},"end":{"line":840,"column":5}},"288":{"start":{"line":839,"column":6},"end":{"line":839,"column":36}},"289":{"start":{"line":848,"column":20},"end":{"line":848,"column":49}},"290":{"start":{"line":849,"column":2},"end":{"line":849,"column":55}},"291":{"start":{"line":850,"column":2},"end":{"line":863,"column":4}},"292":{"start":{"line":864,"column":2},"end":{"line":864,"column":83}},"293":{"start":{"line":866,"column":2},"end":{"line":866,"column":39}},"294":{"start":{"line":873,"column":20},"end":{"line":873,"column":82}},"295":{"start":{"line":874,"column":2},"end":{"line":876,"column":3}},"296":{"start":{"line":875,"column":4},"end":{"line":875,"column":38}},"297":{"start":{"line":883,"column":20},"end":{"line":883,"column":82}},"298":{"start":{"line":884,"column":2},"end":{"line":886,"column":3}},"299":{"start":{"line":885,"column":4},"end":{"line":885,"column":37}},"300":{"start":{"line":895,"column":15},"end":{"line":895,"column":42}},"301":{"start":{"line":896,"column":2},"end":{"line":898,"column":3}},"302":{"start":{"line":897,"column":4},"end":{"line":897,"column":97}},"303":{"start":{"line":913,"column":2},"end":{"line":913,"column":41}},"304":{"start":{"line":921,"column":2},"end":{"line":921,"column":43}},"305":{"start":{"line":930,"column":20},"end":{"line":930,"column":49}},"306":{"start":{"line":931,"column":2},"end":{"line":945,"column":4}},"307":{"start":{"line":946,"column":2},"end":{"line":946,"column":34}},"308":{"start":{"line":948,"column":2},"end":{"line":948,"column":39}},"309":{"start":{"line":951,"column":2},"end":{"line":955,"column":11}},"310":{"start":{"line":952,"column":4},"end":{"line":954,"column":5}},"311":{"start":{"line":953,"column":6},"end":{"line":953,"column":50}},"312":{"start":{"line":963,"column":2},"end":{"line":975,"column":3}},"313":{"start":{"line":964,"column":4},"end":{"line":964,"column":40}},"314":{"start":{"line":965,"column":4},"end":{"line":965,"column":57}},"315":{"start":{"line":966,"column":9},"end":{"line":975,"column":3}},"316":{"start":{"line":968,"column":20},"end":{"line":968,"column":33}},"317":{"start":{"line":969,"column":4},"end":{"line":969,"column":63}},"318":{"start":{"line":970,"column":4},"end":{"line":970,"column":19}},"319":{"start":{"line":971,"column":4},"end":{"line":971,"column":43}},"320":{"start":{"line":972,"column":4},"end":{"line":972,"column":57}},"321":{"start":{"line":974,"column":4},"end":{"line":974,"column":62}},"322":{"start":{"line":983,"column":2},"end":{"line":988,"column":3}},"323":{"start":{"line":984,"column":4},"end":{"line":984,"column":40}},"324":{"start":{"line":985,"column":4},"end":{"line":985,"column":58}},"325":{"start":{"line":987,"column":4},"end":{"line":987,"column":60}},"326":{"start":{"line":995,"column":2},"end":{"line":1015,"column":3}},"327":{"start":{"line":996,"column":4},"end":{"line":996,"column":42}},"328":{"start":{"line":999,"column":4},"end":{"line":1010,"column":5}},"329":{"start":{"line":1000,"column":27},"end":{"line":1000,"column":63}},"330":{"start":{"line":1001,"column":30},"end":{"line":1001,"column":66}},"331":{"start":{"line":1003,"column":6},"end":{"line":1007,"column":7}},"332":{"start":{"line":1004,"column":8},"end":{"line":1004,"column":44}},"333":{"start":{"line":1006,"column":8},"end":{"line":1006,"column":44}},"334":{"start":{"line":1009,"column":6},"end":{"line":1009,"column":71}},"335":{"start":{"line":1012,"column":4},"end":{"line":1012,"column":66}},"336":{"start":{"line":1014,"column":4},"end":{"line":1014,"column":68}},"337":{"start":{"line":1023,"column":2},"end":{"line":1042,"column":3}},"338":{"start":{"line":1024,"column":4},"end":{"line":1024,"column":43}},"339":{"start":{"line":1027,"column":4},"end":{"line":1029,"column":5}},"340":{"start":{"line":1028,"column":6},"end":{"line":1028,"column":36}},"341":{"start":{"line":1032,"column":4},"end":{"line":1032,"column":55}},"342":{"start":{"line":1035,"column":4},"end":{"line":1035,"column":30}},"343":{"start":{"line":1037,"column":4},"end":{"line":1037,"column":70}},"344":{"start":{"line":1040,"column":4},"end":{"line":1040,"column":56}},"345":{"start":{"line":1041,"column":4},"end":{"line":1041,"column":58}},"346":{"start":{"line":1050,"column":2},"end":{"line":1074,"column":3}},"347":{"start":{"line":1051,"column":4},"end":{"line":1054,"column":5}},"348":{"start":{"line":1052,"column":6},"end":{"line":1052,"column":68}},"349":{"start":{"line":1053,"column":6},"end":{"line":1053,"column":13}},"350":{"start":{"line":1056,"column":20},"end":{"line":1056,"column":63}},"351":{"start":{"line":1058,"column":4},"end":{"line":1069,"column":5}},"352":{"start":{"line":1059,"column":6},"end":{"line":1059,"column":58}},"353":{"start":{"line":1061,"column":6},"end":{"line":1061,"column":69}},"354":{"start":{"line":1062,"column":24},"end":{"line":1062,"column":75}},"355":{"start":{"line":1064,"column":6},"end":{"line":1068,"column":7}},"356":{"start":{"line":1065,"column":8},"end":{"line":1065,"column":74}},"357":{"start":{"line":1067,"column":8},"end":{"line":1067,"column":86}},"358":{"start":{"line":1072,"column":4},"end":{"line":1072,"column":61}},"359":{"start":{"line":1073,"column":4},"end":{"line":1073,"column":62}},"360":{"start":{"line":1083,"column":4},"end":{"line":1083,"column":24}},"361":{"start":{"line":1084,"column":4},"end":{"line":1084,"column":31}},"362":{"start":{"line":1085,"column":4},"end":{"line":1085,"column":29}},"363":{"start":{"line":1086,"column":4},"end":{"line":1086,"column":31}},"364":{"start":{"line":1095,"column":4},"end":{"line":1097,"column":5}},"365":{"start":{"line":1096,"column":6},"end":{"line":1096,"column":21}},"366":{"start":{"line":1099,"column":4},"end":{"line":1106,"column":6}},"367":{"start":{"line":1108,"column":4},"end":{"line":1108,"column":29}},"368":{"start":{"line":1109,"column":4},"end":{"line":1109,"column":30}},"369":{"start":{"line":1112,"column":4},"end":{"line":1112,"column":31}},"370":{"start":{"line":1114,"column":4},"end":{"line":1118,"column":7}},"371":{"start":{"line":1126,"column":4},"end":{"line":1128,"column":5}},"372":{"start":{"line":1127,"column":6},"end":{"line":1127,"column":57}},"373":{"start":{"line":1131,"column":4},"end":{"line":1131,"column":56}},"374":{"start":{"line":1132,"column":4},"end":{"line":1132,"column":55}},"375":{"start":{"line":1133,"column":4},"end":{"line":1133,"column":62}},"376":{"start":{"line":1136,"column":4},"end":{"line":1136,"column":27}},"377":{"start":{"line":1139,"column":29},"end":{"line":1139,"column":58}},"378":{"start":{"line":1140,"column":4},"end":{"line":1140,"column":50}},"379":{"start":{"line":1143,"column":4},"end":{"line":1143,"column":44}},"380":{"start":{"line":1146,"column":19},"end":{"line":1146,"column":49}},"381":{"start":{"line":1147,"column":4},"end":{"line":1147,"column":32}},"382":{"start":{"line":1148,"column":4},"end":{"line":1148,"column":39}},"383":{"start":{"line":1149,"column":4},"end":{"line":1149,"column":29}},"384":{"start":{"line":1151,"column":4},"end":{"line":1151,"column":54}},"385":{"start":{"line":1152,"column":4},"end":{"line":1152,"column":44}},"386":{"start":{"line":1155,"column":4},"end":{"line":1155,"column":30}},"387":{"start":{"line":1158,"column":4},"end":{"line":1158,"column":51}},"388":{"start":{"line":1161,"column":4},"end":{"line":1161,"column":25}},"389":{"start":{"line":1163,"column":4},"end":{"line":1163,"column":31}},"390":{"start":{"line":1171,"column":17},"end":{"line":1171,"column":42}},"391":{"start":{"line":1172,"column":23},"end":{"line":1172,"column":54}},"392":{"start":{"line":1175,"column":4},"end":{"line":1204,"column":5}},"393":{"start":{"line":1175,"column":17},"end":{"line":1175,"column":18}},"394":{"start":{"line":1176,"column":19},"end":{"line":1176,"column":26}},"395":{"start":{"line":1177,"column":23},"end":{"line":1177,"column":53}},"396":{"start":{"line":1178,"column":6},"end":{"line":1178,"column":41}},"397":{"start":{"line":1179,"column":6},"end":{"line":1179,"column":45}},"398":{"start":{"line":1182,"column":6},"end":{"line":1193,"column":7}},"399":{"start":{"line":1183,"column":8},"end":{"line":1183,"column":38}},"400":{"start":{"line":1184,"column":8},"end":{"line":1184,"column":45}},"401":{"start":{"line":1185,"column":13},"end":{"line":1193,"column":7}},"402":{"start":{"line":1186,"column":8},"end":{"line":1186,"column":36}},"403":{"start":{"line":1187,"column":8},"end":{"line":1187,"column":47}},"404":{"start":{"line":1188,"column":13},"end":{"line":1193,"column":7}},"405":{"start":{"line":1189,"column":8},"end":{"line":1189,"column":56}},"406":{"start":{"line":1190,"column":8},"end":{"line":1190,"column":43}},"407":{"start":{"line":1192,"column":8},"end":{"line":1192,"column":36}},"408":{"start":{"line":1196,"column":6},"end":{"line":1196,"column":61}},"409":{"start":{"line":1199,"column":6},"end":{"line":1201,"column":7}},"410":{"start":{"line":1200,"column":8},"end":{"line":1200,"column":49}},"411":{"start":{"line":1203,"column":6},"end":{"line":1203,"column":38}},"412":{"start":{"line":1215,"column":30},"end":{"line":1217,"column":5}},"413":{"start":{"line":1216,"column":6},"end":{"line":1216,"column":60}},"414":{"start":{"line":1220,"column":26},"end":{"line":1220,"column":77}},"415":{"start":{"line":1220,"column":59},"end":{"line":1220,"column":76}},"416":{"start":{"line":1223,"column":26},"end":{"line":1223,"column":35}},"417":{"start":{"line":1225,"column":4},"end":{"line":1250,"column":7}},"418":{"start":{"line":1226,"column":6},"end":{"line":1249,"column":7}},"419":{"start":{"line":1228,"column":8},"end":{"line":1235,"column":9}},"420":{"start":{"line":1229,"column":10},"end":{"line":1234,"column":13}},"421":{"start":{"line":1230,"column":12},"end":{"line":1233,"column":13}},"422":{"start":{"line":1231,"column":14},"end":{"line":1231,"column":47}},"423":{"start":{"line":1232,"column":14},"end":{"line":1232,"column":42}},"424":{"start":{"line":1238,"column":8},"end":{"line":1245,"column":9}},"425":{"start":{"line":1239,"column":10},"end":{"line":1239,"column":63}},"426":{"start":{"line":1242,"column":10},"end":{"line":1244,"column":11}},"427":{"start":{"line":1243,"column":12},"end":{"line":1243,"column":66}},"428":{"start":{"line":1248,"column":8},"end":{"line":1248,"column":68}},"429":{"start":{"line":1253,"column":22},"end":{"line":1253,"column":70}},"430":{"start":{"line":1253,"column":52},"end":{"line":1253,"column":69}},"431":{"start":{"line":1254,"column":4},"end":{"line":1263,"column":5}},"432":{"start":{"line":1255,"column":23},"end":{"line":1255,"column":54}},"433":{"start":{"line":1256,"column":6},"end":{"line":1262,"column":7}},"434":{"start":{"line":1257,"column":8},"end":{"line":1261,"column":11}},"435":{"start":{"line":1258,"column":10},"end":{"line":1260,"column":11}},"436":{"start":{"line":1259,"column":12},"end":{"line":1259,"column":45}},"437":{"start":{"line":1273,"column":20},"end":{"line":1273,"column":34}},"438":{"start":{"line":1275,"column":4},"end":{"line":1318,"column":5}},"439":{"start":{"line":1278,"column":8},"end":{"line":1278,"column":42}},"440":{"start":{"line":1279,"column":8},"end":{"line":1282,"column":9}},"441":{"start":{"line":1280,"column":10},"end":{"line":1280,"column":82}},"442":{"start":{"line":1281,"column":10},"end":{"line":1281,"column":54}},"443":{"start":{"line":1283,"column":8},"end":{"line":1283,"column":14}},"444":{"start":{"line":1287,"column":8},"end":{"line":1287,"column":82}},"445":{"start":{"line":1288,"column":8},"end":{"line":1288,"column":14}},"446":{"start":{"line":1292,"column":8},"end":{"line":1294,"column":9}},"447":{"start":{"line":1293,"column":10},"end":{"line":1293,"column":53}},"448":{"start":{"line":1295,"column":8},"end":{"line":1295,"column":14}},"449":{"start":{"line":1300,"column":8},"end":{"line":1300,"column":55}},"450":{"start":{"line":1301,"column":8},"end":{"line":1301,"column":14}},"451":{"start":{"line":1306,"column":8},"end":{"line":1306,"column":52}},"452":{"start":{"line":1307,"column":8},"end":{"line":1307,"column":14}},"453":{"start":{"line":1310,"column":8},"end":{"line":1310,"column":47}},"454":{"start":{"line":1311,"column":8},"end":{"line":1311,"column":42}},"455":{"start":{"line":1312,"column":8},"end":{"line":1312,"column":14}},"456":{"start":{"line":1315,"column":8},"end":{"line":1315,"column":45}},"457":{"start":{"line":1316,"column":8},"end":{"line":1316,"column":42}},"458":{"start":{"line":1317,"column":8},"end":{"line":1317,"column":14}},"459":{"start":{"line":1327,"column":23},"end":{"line":1330,"column":5}},"460":{"start":{"line":1331,"column":4},"end":{"line":1331,"column":41}},"461":{"start":{"line":1338,"column":4},"end":{"line":1340,"column":5}},"462":{"start":{"line":1339,"column":6},"end":{"line":1339,"column":13}},"463":{"start":{"line":1343,"column":26},"end":{"line":1343,"column":60}},"464":{"start":{"line":1344,"column":4},"end":{"line":1347,"column":5}},"465":{"start":{"line":1345,"column":6},"end":{"line":1345,"column":33}},"466":{"start":{"line":1346,"column":6},"end":{"line":1346,"column":13}},"467":{"start":{"line":1349,"column":4},"end":{"line":1371,"column":5}},"468":{"start":{"line":1351,"column":24},"end":{"line":1351,"column":61}},"469":{"start":{"line":1352,"column":24},"end":{"line":1352,"column":80}},"470":{"start":{"line":1353,"column":25},"end":{"line":1353,"column":82}},"471":{"start":{"line":1356,"column":6},"end":{"line":1356,"column":54}},"472":{"start":{"line":1357,"column":6},"end":{"line":1357,"column":73}},"473":{"start":{"line":1358,"column":6},"end":{"line":1358,"column":76}},"474":{"start":{"line":1359,"column":6},"end":{"line":1359,"column":78}},"475":{"start":{"line":1360,"column":6},"end":{"line":1360,"column":68}},"476":{"start":{"line":1363,"column":6},"end":{"line":1363,"column":34}},"477":{"start":{"line":1366,"column":6},"end":{"line":1366,"column":33}},"478":{"start":{"line":1369,"column":6},"end":{"line":1369,"column":82}},"479":{"start":{"line":1370,"column":6},"end":{"line":1370,"column":33}},"480":{"start":{"line":1378,"column":26},"end":{"line":1378,"column":72}},"481":{"start":{"line":1379,"column":22},"end":{"line":1379,"column":78}},"482":{"start":{"line":1380,"column":23},"end":{"line":1380,"column":80}},"483":{"start":{"line":1382,"column":4},"end":{"line":1382,"column":52}},"484":{"start":{"line":1383,"column":4},"end":{"line":1383,"column":75}},"485":{"start":{"line":1384,"column":4},"end":{"line":1384,"column":78}},"486":{"start":{"line":1385,"column":4},"end":{"line":1385,"column":65}},"487":{"start":{"line":1386,"column":4},"end":{"line":1386,"column":70}},"488":{"start":{"line":1393,"column":4},"end":{"line":1395,"column":5}},"489":{"start":{"line":1394,"column":6},"end":{"line":1394,"column":13}},"490":{"start":{"line":1397,"column":27},"end":{"line":1397,"column":74}},"491":{"start":{"line":1398,"column":29},"end":{"line":1401,"column":5}},"492":{"start":{"line":1403,"column":4},"end":{"line":1408,"column":7}},"493":{"start":{"line":1404,"column":20},"end":{"line":1404,"column":40}},"494":{"start":{"line":1405,"column":6},"end":{"line":1407,"column":7}},"495":{"start":{"line":1406,"column":8},"end":{"line":1406,"column":48}},"496":{"start":{"line":1411,"column":4},"end":{"line":1411,"column":54}},"497":{"start":{"line":1412,"column":4},"end":{"line":1412,"column":54}},"498":{"start":{"line":1413,"column":4},"end":{"line":1413,"column":58}},"499":{"start":{"line":1420,"column":4},"end":{"line":1422,"column":5}},"500":{"start":{"line":1421,"column":6},"end":{"line":1421,"column":13}},"501":{"start":{"line":1424,"column":4},"end":{"line":1444,"column":5}},"502":{"start":{"line":1426,"column":26},"end":{"line":1426,"column":56}},"503":{"start":{"line":1427,"column":6},"end":{"line":1427,"column":53}},"504":{"start":{"line":1428,"column":6},"end":{"line":1428,"column":46}},"505":{"start":{"line":1429,"column":6},"end":{"line":1429,"column":43}},"506":{"start":{"line":1430,"column":6},"end":{"line":1430,"column":58}},"507":{"start":{"line":1433,"column":20},"end":{"line":1433,"column":54}},"508":{"start":{"line":1434,"column":23},"end":{"line":1434,"column":46}},"509":{"start":{"line":1437,"column":6},"end":{"line":1437,"column":46}},"510":{"start":{"line":1438,"column":6},"end":{"line":1438,"column":45}},"511":{"start":{"line":1440,"column":6},"end":{"line":1440,"column":36}},"512":{"start":{"line":1443,"column":6},"end":{"line":1443,"column":62}},"513":{"start":{"line":1451,"column":4},"end":{"line":1467,"column":5}},"514":{"start":{"line":1452,"column":6},"end":{"line":1466,"column":7}},"515":{"start":{"line":1453,"column":28},"end":{"line":1453,"column":52}},"516":{"start":{"line":1454,"column":23},"end":{"line":1454,"column":45}},"517":{"start":{"line":1456,"column":8},"end":{"line":1459,"column":9}},"518":{"start":{"line":1457,"column":10},"end":{"line":1457,"column":73}},"519":{"start":{"line":1458,"column":10},"end":{"line":1458,"column":42}},"520":{"start":{"line":1461,"column":8},"end":{"line":1461,"column":40}},"521":{"start":{"line":1462,"column":8},"end":{"line":1462,"column":44}},"522":{"start":{"line":1465,"column":8},"end":{"line":1465,"column":67}},"523":{"start":{"line":1475,"column":4},"end":{"line":1477,"column":5}},"524":{"start":{"line":1476,"column":6},"end":{"line":1476,"column":13}},"525":{"start":{"line":1479,"column":4},"end":{"line":1479,"column":36}},"526":{"start":{"line":1480,"column":19},"end":{"line":1480,"column":70}},"527":{"start":{"line":1481,"column":18},"end":{"line":1481,"column":70}},"528":{"start":{"line":1483,"column":4},"end":{"line":1485,"column":5}},"529":{"start":{"line":1484,"column":6},"end":{"line":1484,"column":13}},"530":{"start":{"line":1488,"column":4},"end":{"line":1491,"column":5}},"531":{"start":{"line":1489,"column":6},"end":{"line":1489,"column":36}},"532":{"start":{"line":1490,"column":6},"end":{"line":1490,"column":13}},"533":{"start":{"line":1493,"column":4},"end":{"line":1493,"column":36}},"534":{"start":{"line":1496,"column":24},"end":{"line":1496,"column":39}},"535":{"start":{"line":1497,"column":4},"end":{"line":1505,"column":5}},"536":{"start":{"line":1498,"column":23},"end":{"line":1498,"column":58}},"537":{"start":{"line":1499,"column":26},"end":{"line":1499,"column":69}},"538":{"start":{"line":1501,"column":6},"end":{"line":1501,"column":41}},"539":{"start":{"line":1502,"column":6},"end":{"line":1502,"column":68}},"540":{"start":{"line":1503,"column":6},"end":{"line":1503,"column":65}},"541":{"start":{"line":1504,"column":6},"end":{"line":1504,"column":51}},"542":{"start":{"line":1513,"column":4},"end":{"line":1515,"column":5}},"543":{"start":{"line":1514,"column":6},"end":{"line":1514,"column":13}},"544":{"start":{"line":1517,"column":18},"end":{"line":1517,"column":70}},"545":{"start":{"line":1519,"column":4},"end":{"line":1527,"column":7}},"546":{"start":{"line":1520,"column":6},"end":{"line":1520,"column":61}},"547":{"start":{"line":1522,"column":6},"end":{"line":1526,"column":7}},"548":{"start":{"line":1523,"column":8},"end":{"line":1523,"column":40}},"549":{"start":{"line":1524,"column":13},"end":{"line":1526,"column":7}},"550":{"start":{"line":1525,"column":8},"end":{"line":1525,"column":38}},"551":{"start":{"line":1530,"column":4},"end":{"line":1530,"column":38}},"552":{"start":{"line":1538,"column":4},"end":{"line":1540,"column":5}},"553":{"start":{"line":1539,"column":6},"end":{"line":1539,"column":13}},"554":{"start":{"line":1542,"column":18},"end":{"line":1542,"column":70}},"555":{"start":{"line":1543,"column":22},"end":{"line":1543,"column":37}},"556":{"start":{"line":1545,"column":4},"end":{"line":1555,"column":5}},"557":{"start":{"line":1546,"column":6},"end":{"line":1546,"column":39}},"558":{"start":{"line":1549,"column":6},"end":{"line":1554,"column":7}},"559":{"start":{"line":1550,"column":8},"end":{"line":1553,"column":11}},"560":{"start":{"line":1563,"column":4},"end":{"line":1565,"column":5}},"561":{"start":{"line":1564,"column":6},"end":{"line":1564,"column":13}},"562":{"start":{"line":1567,"column":18},"end":{"line":1567,"column":70}},"563":{"start":{"line":1568,"column":17},"end":{"line":1568,"column":32}},"564":{"start":{"line":1570,"column":4},"end":{"line":1572,"column":5}},"565":{"start":{"line":1571,"column":6},"end":{"line":1571,"column":37}},"566":{"start":{"line":1579,"column":4},"end":{"line":1581,"column":5}},"567":{"start":{"line":1580,"column":6},"end":{"line":1580,"column":13}},"568":{"start":{"line":1584,"column":23},"end":{"line":1584,"column":72}},"569":{"start":{"line":1585,"column":4},"end":{"line":1589,"column":5}},"570":{"start":{"line":1586,"column":6},"end":{"line":1586,"column":53}},"571":{"start":{"line":1587,"column":6},"end":{"line":1587,"column":49}},"572":{"start":{"line":1588,"column":6},"end":{"line":1588,"column":46}},"573":{"start":{"line":1592,"column":19},"end":{"line":1830,"column":5}},"574":{"start":{"line":1832,"column":4},"end":{"line":1832,"column":38}},"575":{"start":{"line":1840,"column":4},"end":{"line":1840,"column":24}},"576":{"start":{"line":1848,"column":4},"end":{"line":1848,"column":32}},"577":{"start":{"line":1856,"column":4},"end":{"line":1856,"column":62}},"578":{"start":{"line":1864,"column":4},"end":{"line":1864,"column":34}},"579":{"start":{"line":1867,"column":4},"end":{"line":1869,"column":5}},"580":{"start":{"line":1868,"column":6},"end":{"line":1868,"column":70}},"581":{"start":{"line":1872,"column":25},"end":{"line":1872,"column":74}},"582":{"start":{"line":1873,"column":4},"end":{"line":1875,"column":5}},"583":{"start":{"line":1874,"column":6},"end":{"line":1874,"column":56}},"584":{"start":{"line":1877,"column":4},"end":{"line":1877,"column":31}},"585":{"start":{"line":1878,"column":4},"end":{"line":1878,"column":24}},"586":{"start":{"line":1879,"column":4},"end":{"line":1879,"column":29}},"587":{"start":{"line":1880,"column":4},"end":{"line":1880,"column":31}},"588":{"start":{"line":1882,"column":4},"end":{"line":1882,"column":76}},"589":{"start":{"line":1892,"column":4},"end":{"line":1892,"column":43}},"590":{"start":{"line":1893,"column":4},"end":{"line":1893,"column":29}},"591":{"start":{"line":1894,"column":4},"end":{"line":1894,"column":30}},"592":{"start":{"line":1895,"column":4},"end":{"line":1895,"column":29}},"593":{"start":{"line":1898,"column":4},"end":{"line":1902,"column":6}},"594":{"start":{"line":1905,"column":4},"end":{"line":1905,"column":31}},"595":{"start":{"line":1912,"column":27},"end":{"line":1912,"column":63}},"596":{"start":{"line":1912,"column":38},"end":{"line":1912,"column":63}},"597":{"start":{"line":1913,"column":28},"end":{"line":1913,"column":65}},"598":{"start":{"line":1913,"column":39},"end":{"line":1913,"column":65}},"599":{"start":{"line":1915,"column":4},"end":{"line":1915,"column":57}},"600":{"start":{"line":1916,"column":4},"end":{"line":1916,"column":59}},"601":{"start":{"line":1919,"column":4},"end":{"line":1922,"column":6}},"602":{"start":{"line":1930,"column":4},"end":{"line":1932,"column":5}},"603":{"start":{"line":1931,"column":6},"end":{"line":1931,"column":13}},"604":{"start":{"line":1935,"column":4},"end":{"line":1939,"column":5}},"605":{"start":{"line":1936,"column":6},"end":{"line":1936,"column":29}},"606":{"start":{"line":1937,"column":6},"end":{"line":1937,"column":33}},"607":{"start":{"line":1938,"column":6},"end":{"line":1938,"column":13}},"608":{"start":{"line":1942,"column":4},"end":{"line":1945,"column":5}},"609":{"start":{"line":1943,"column":6},"end":{"line":1943,"column":29}},"610":{"start":{"line":1944,"column":6},"end":{"line":1944,"column":36}},"611":{"start":{"line":1953,"column":4},"end":{"line":1955,"column":5}},"612":{"start":{"line":1954,"column":6},"end":{"line":1954,"column":13}},"613":{"start":{"line":1958,"column":4},"end":{"line":1958,"column":27}},"614":{"start":{"line":1961,"column":4},"end":{"line":1961,"column":32}},"615":{"start":{"line":1970,"column":4},"end":{"line":1972,"column":5}},"616":{"start":{"line":1971,"column":6},"end":{"line":1971,"column":62}},"617":{"start":{"line":1974,"column":4},"end":{"line":1974,"column":29}},"618":{"start":{"line":1976,"column":4},"end":{"line":2006,"column":5}},"619":{"start":{"line":1977,"column":22},"end":{"line":1977,"column":55}},"620":{"start":{"line":1978,"column":6},"end":{"line":1980,"column":7}},"621":{"start":{"line":1979,"column":8},"end":{"line":1979,"column":56}},"622":{"start":{"line":1982,"column":24},"end":{"line":1982,"column":47}},"623":{"start":{"line":1983,"column":27},"end":{"line":1983,"column":69}},"624":{"start":{"line":1986,"column":22},"end":{"line":1986,"column":69}},"625":{"start":{"line":1988,"column":21},"end":{"line":1994,"column":7}},"626":{"start":{"line":1996,"column":6},"end":{"line":2000,"column":7}},"627":{"start":{"line":1997,"column":8},"end":{"line":1997,"column":40}},"628":{"start":{"line":1999,"column":8},"end":{"line":1999,"column":42}},"629":{"start":{"line":2002,"column":6},"end":{"line":2002,"column":20}},"630":{"start":{"line":2005,"column":6},"end":{"line":2005,"column":32}},"631":{"start":{"line":2016,"column":4},"end":{"line":2018,"column":5}},"632":{"start":{"line":2017,"column":6},"end":{"line":2017,"column":19}},"633":{"start":{"line":2021,"column":4},"end":{"line":2023,"column":5}},"634":{"start":{"line":2022,"column":6},"end":{"line":2022,"column":18}},"635":{"start":{"line":2026,"column":4},"end":{"line":2026,"column":57}},"636":{"start":{"line":2037,"column":4},"end":{"line":2039,"column":5}},"637":{"start":{"line":2038,"column":6},"end":{"line":2038,"column":18}},"638":{"start":{"line":2042,"column":4},"end":{"line":2044,"column":5}},"639":{"start":{"line":2043,"column":6},"end":{"line":2043,"column":18}},"640":{"start":{"line":2047,"column":4},"end":{"line":2049,"column":5}},"641":{"start":{"line":2048,"column":6},"end":{"line":2048,"column":18}},"642":{"start":{"line":2052,"column":4},"end":{"line":2054,"column":5}},"643":{"start":{"line":2053,"column":6},"end":{"line":2053,"column":18}},"644":{"start":{"line":2056,"column":4},"end":{"line":2056,"column":17}},"645":{"start":{"line":2065,"column":4},"end":{"line":2065,"column":27}},"646":{"start":{"line":2068,"column":4},"end":{"line":2068,"column":65}},"647":{"start":{"line":2069,"column":4},"end":{"line":2069,"column":53}},"648":{"start":{"line":2072,"column":20},"end":{"line":2072,"column":53}},"649":{"start":{"line":2073,"column":4},"end":{"line":2075,"column":5}},"650":{"start":{"line":2074,"column":6},"end":{"line":2074,"column":34}},"651":{"start":{"line":2077,"column":4},"end":{"line":2077,"column":87}},"652":{"start":{"line":2086,"column":4},"end":{"line":2086,"column":52}},"653":{"start":{"line":2089,"column":4},"end":{"line":2089,"column":123}},"654":{"start":{"line":2096,"column":4},"end":{"line":2096,"column":45}},"655":{"start":{"line":2099,"column":4},"end":{"line":2099,"column":77}},"656":{"start":{"line":2102,"column":4},"end":{"line":2104,"column":13}},"657":{"start":{"line":2103,"column":6},"end":{"line":2103,"column":30}},"658":{"start":{"line":2114,"column":4},"end":{"line":2116,"column":5}},"659":{"start":{"line":2115,"column":6},"end":{"line":2115,"column":18}},"660":{"start":{"line":2119,"column":4},"end":{"line":2121,"column":5}},"661":{"start":{"line":2120,"column":6},"end":{"line":2120,"column":18}},"662":{"start":{"line":2124,"column":4},"end":{"line":2126,"column":5}},"663":{"start":{"line":2125,"column":6},"end":{"line":2125,"column":18}},"664":{"start":{"line":2128,"column":4},"end":{"line":2128,"column":17}},"665":{"start":{"line":2136,"column":20},"end":{"line":2136,"column":53}},"666":{"start":{"line":2137,"column":4},"end":{"line":2139,"column":5}},"667":{"start":{"line":2138,"column":6},"end":{"line":2138,"column":13}},"668":{"start":{"line":2141,"column":4},"end":{"line":2150,"column":5}},"669":{"start":{"line":2143,"column":6},"end":{"line":2143,"column":27}},"670":{"start":{"line":2144,"column":11},"end":{"line":2150,"column":5}},"671":{"start":{"line":2146,"column":6},"end":{"line":2146,"column":27}},"672":{"start":{"line":2147,"column":11},"end":{"line":2150,"column":5}},"673":{"start":{"line":2149,"column":6},"end":{"line":2149,"column":25}},"674":{"start":{"line":2158,"column":20},"end":{"line":2158,"column":53}},"675":{"start":{"line":2159,"column":4},"end":{"line":2161,"column":5}},"676":{"start":{"line":2160,"column":6},"end":{"line":2160,"column":13}},"677":{"start":{"line":2163,"column":24},"end":{"line":2163,"column":66}},"678":{"start":{"line":2166,"column":4},"end":{"line":2166,"column":54}},"679":{"start":{"line":2169,"column":4},"end":{"line":2169,"column":27}},"680":{"start":{"line":2172,"column":4},"end":{"line":2172,"column":65}},"681":{"start":{"line":2174,"column":4},"end":{"line":2174,"column":95}},"682":{"start":{"line":2177,"column":4},"end":{"line":2179,"column":5}},"683":{"start":{"line":2178,"column":6},"end":{"line":2178,"column":34}},"684":{"start":{"line":2187,"column":20},"end":{"line":2187,"column":53}},"685":{"start":{"line":2188,"column":4},"end":{"line":2190,"column":5}},"686":{"start":{"line":2189,"column":6},"end":{"line":2189,"column":13}},"687":{"start":{"line":2192,"column":17},"end":{"line":2192,"column":37}},"688":{"start":{"line":2193,"column":26},"end":{"line":2193,"column":46}},"689":{"start":{"line":2196,"column":23},"end":{"line":2196,"column":81}},"690":{"start":{"line":2199,"column":4},"end":{"line":2201,"column":5}},"691":{"start":{"line":2200,"column":6},"end":{"line":2200,"column":33}},"692":{"start":{"line":2204,"column":4},"end":{"line":2206,"column":5}},"693":{"start":{"line":2204,"column":17},"end":{"line":2204,"column":37}},"694":{"start":{"line":2205,"column":6},"end":{"line":2205,"column":37}},"695":{"start":{"line":2209,"column":4},"end":{"line":2209,"column":40}},"696":{"start":{"line":2212,"column":4},"end":{"line":2212,"column":65}},"697":{"start":{"line":2214,"column":25},"end":{"line":2214,"column":53}},"698":{"start":{"line":2215,"column":4},"end":{"line":2215,"column":115}},"699":{"start":{"line":2218,"column":4},"end":{"line":2220,"column":5}},"700":{"start":{"line":2219,"column":6},"end":{"line":2219,"column":34}},"701":{"start":{"line":2231,"column":14},"end":{"line":2231,"column":44}},"702":{"start":{"line":2232,"column":4},"end":{"line":2234,"column":5}},"703":{"start":{"line":2233,"column":6},"end":{"line":2233,"column":21}},"704":{"start":{"line":2237,"column":4},"end":{"line":2237,"column":39}},"705":{"start":{"line":2238,"column":4},"end":{"line":2245,"column":5}},"706":{"start":{"line":2239,"column":23},"end":{"line":2239,"column":36}},"707":{"start":{"line":2241,"column":6},"end":{"line":2243,"column":7}},"708":{"start":{"line":2242,"column":8},"end":{"line":2242,"column":23}},"709":{"start":{"line":2244,"column":6},"end":{"line":2244,"column":40}},"710":{"start":{"line":2248,"column":26},"end":{"line":2248,"column":42}},"711":{"start":{"line":2249,"column":4},"end":{"line":2249,"column":39}},"712":{"start":{"line":2250,"column":18},"end":{"line":2250,"column":42}},"713":{"start":{"line":2251,"column":4},"end":{"line":2253,"column":5}},"714":{"start":{"line":2252,"column":6},"end":{"line":2252,"column":29}},"715":{"start":{"line":2255,"column":4},"end":{"line":2255,"column":14}},"716":{"start":{"line":2263,"column":4},"end":{"line":2263,"column":57}},"717":{"start":{"line":2266,"column":4},"end":{"line":2266,"column":57}},"718":{"start":{"line":2269,"column":4},"end":{"line":2269,"column":28}},"719":{"start":{"line":2277,"column":20},"end":{"line":2277,"column":53}},"720":{"start":{"line":2278,"column":4},"end":{"line":2280,"column":5}},"721":{"start":{"line":2279,"column":6},"end":{"line":2279,"column":13}},"722":{"start":{"line":2283,"column":4},"end":{"line":2285,"column":5}},"723":{"start":{"line":2284,"column":6},"end":{"line":2284,"column":37}},"724":{"start":{"line":2288,"column":4},"end":{"line":2293,"column":7}},"725":{"start":{"line":2302,"column":24},"end":{"line":2305,"column":5}},"726":{"start":{"line":2306,"column":4},"end":{"line":2306,"column":37}},"727":{"start":{"line":2314,"column":4},"end":{"line":2331,"column":5}},"728":{"start":{"line":2316,"column":8},"end":{"line":2316,"column":31}},"729":{"start":{"line":2317,"column":8},"end":{"line":2317,"column":14}},"730":{"start":{"line":2320,"column":8},"end":{"line":2320,"column":14}},"731":{"start":{"line":2330,"column":8},"end":{"line":2330,"column":14}},"732":{"start":{"line":2338,"column":4},"end":{"line":2349,"column":5}},"733":{"start":{"line":2340,"column":6},"end":{"line":2340,"column":29}},"734":{"start":{"line":2343,"column":6},"end":{"line":2343,"column":60}},"735":{"start":{"line":2346,"column":6},"end":{"line":2346,"column":67}},"736":{"start":{"line":2348,"column":6},"end":{"line":2348,"column":74}},"737":{"start":{"line":2357,"column":4},"end":{"line":2357,"column":32}},"738":{"start":{"line":2365,"column":20},"end":{"line":2365,"column":53}},"739":{"start":{"line":2366,"column":4},"end":{"line":2369,"column":5}},"740":{"start":{"line":2367,"column":6},"end":{"line":2367,"column":38}},"741":{"start":{"line":2368,"column":6},"end":{"line":2368,"column":67}},"742":{"start":{"line":2377,"column":4},"end":{"line":2377,"column":67}},"743":{"start":{"line":2385,"column":4},"end":{"line":2387,"column":7}},"744":{"start":{"line":2386,"column":6},"end":{"line":2386,"column":50}},"745":{"start":{"line":2388,"column":4},"end":{"line":2388,"column":29}},"746":{"start":{"line":2391,"column":4},"end":{"line":2393,"column":5}},"747":{"start":{"line":2392,"column":6},"end":{"line":2392,"column":37}},"748":{"start":{"line":2396,"column":4},"end":{"line":2396,"column":29}},"749":{"start":{"line":2397,"column":4},"end":{"line":2397,"column":30}},"750":{"start":{"line":2398,"column":4},"end":{"line":2398,"column":32}},"751":{"start":{"line":2400,"column":4},"end":{"line":2400,"column":45}},"752":{"start":{"line":2407,"column":0},"end":{"line":2413,"column":1}},"753":{"start":{"line":2408,"column":2},"end":{"line":2412,"column":3}},"754":{"start":{"line":2409,"column":4},"end":{"line":2409,"column":75}},"755":{"start":{"line":2411,"column":4},"end":{"line":2411,"column":30}},"756":{"start":{"line":2416,"column":0},"end":{"line":2422,"column":1}},"757":{"start":{"line":2417,"column":2},"end":{"line":2421,"column":4}}},"fnMap":{"0":{"name":"(anonymous_0)","decl":{"start":{"line":14,"column":2},"end":{"line":14,"column":3}},"loc":{"start":{"line":14,"column":16},"end":{"line":16,"column":3}},"line":14},"1":{"name":"(anonymous_1)","decl":{"start":{"line":22,"column":2},"end":{"line":22,"column":3}},"loc":{"start":{"line":22,"column":21},"end":{"line":41,"column":3}},"line":22},"2":{"name":"(anonymous_2)","decl":{"start":{"line":48,"column":2},"end":{"line":48,"column":3}},"loc":{"start":{"line":48,"column":31},"end":{"line":101,"column":3}},"line":48},"3":{"name":"(anonymous_3)","decl":{"start":{"line":108,"column":2},"end":{"line":108,"column":3}},"loc":{"start":{"line":108,"column":37},"end":{"line":131,"column":3}},"line":108},"4":{"name":"(anonymous_4)","decl":{"start":{"line":138,"column":2},"end":{"line":138,"column":3}},"loc":{"start":{"line":138,"column":30},"end":{"line":149,"column":3}},"line":138},"5":{"name":"(anonymous_5)","decl":{"start":{"line":157,"column":2},"end":{"line":157,"column":3}},"loc":{"start":{"line":157,"column":35},"end":{"line":237,"column":3}},"line":157},"6":{"name":"(anonymous_6)","decl":{"start":{"line":162,"column":22},"end":{"line":162,"column":23}},"loc":{"start":{"line":162,"column":62},"end":{"line":224,"column":5}},"line":162},"7":{"name":"(anonymous_7)","decl":{"start":{"line":196,"column":27},"end":{"line":196,"column":28}},"loc":{"start":{"line":196,"column":36},"end":{"line":196,"column":77}},"line":196},"8":{"name":"(anonymous_8)","decl":{"start":{"line":229,"column":21},"end":{"line":229,"column":22}},"loc":{"start":{"line":229,"column":31},"end":{"line":234,"column":5}},"line":229},"9":{"name":"(anonymous_9)","decl":{"start":{"line":244,"column":2},"end":{"line":244,"column":3}},"loc":{"start":{"line":244,"column":27},"end":{"line":259,"column":3}},"line":244},"10":{"name":"(anonymous_10)","decl":{"start":{"line":266,"column":2},"end":{"line":266,"column":3}},"loc":{"start":{"line":266,"column":26},"end":{"line":280,"column":3}},"line":266},"11":{"name":"(anonymous_11)","decl":{"start":{"line":287,"column":2},"end":{"line":287,"column":3}},"loc":{"start":{"line":287,"column":27},"end":{"line":307,"column":3}},"line":287},"12":{"name":"(anonymous_12)","decl":{"start":{"line":315,"column":2},"end":{"line":315,"column":3}},"loc":{"start":{"line":315,"column":41},"end":{"line":329,"column":3}},"line":315},"13":{"name":"(anonymous_13)","decl":{"start":{"line":336,"column":2},"end":{"line":336,"column":3}},"loc":{"start":{"line":336,"column":29},"end":{"line":352,"column":3}},"line":336},"14":{"name":"(anonymous_14)","decl":{"start":{"line":359,"column":2},"end":{"line":359,"column":3}},"loc":{"start":{"line":359,"column":35},"end":{"line":385,"column":3}},"line":359},"15":{"name":"(anonymous_15)","decl":{"start":{"line":392,"column":2},"end":{"line":392,"column":3}},"loc":{"start":{"line":392,"column":32},"end":{"line":403,"column":3}},"line":392},"16":{"name":"(anonymous_16)","decl":{"start":{"line":396,"column":26},"end":{"line":396,"column":27}},"loc":{"start":{"line":396,"column":34},"end":{"line":400,"column":5}},"line":396},"17":{"name":"(anonymous_17)","decl":{"start":{"line":410,"column":2},"end":{"line":410,"column":3}},"loc":{"start":{"line":410,"column":29},"end":{"line":463,"column":3}},"line":410},"18":{"name":"(anonymous_18)","decl":{"start":{"line":433,"column":23},"end":{"line":433,"column":24}},"loc":{"start":{"line":433,"column":32},"end":{"line":439,"column":5}},"line":433},"19":{"name":"(anonymous_19)","decl":{"start":{"line":443,"column":27},"end":{"line":443,"column":28}},"loc":{"start":{"line":443,"column":36},"end":{"line":448,"column":7}},"line":443},"20":{"name":"cleanupCurrentSession","decl":{"start":{"line":482,"column":15},"end":{"line":482,"column":36}},"loc":{"start":{"line":482,"column":39},"end":{"line":489,"column":1}},"line":482},"21":{"name":"initializeContentScript","decl":{"start":{"line":494,"column":15},"end":{"line":494,"column":38}},"loc":{"start":{"line":494,"column":41},"end":{"line":516,"column":1}},"line":494},"22":{"name":"setupSessionValidation","decl":{"start":{"line":522,"column":9},"end":{"line":522,"column":31}},"loc":{"start":{"line":522,"column":34},"end":{"line":534,"column":1}},"line":522},"23":{"name":"(anonymous_23)","decl":{"start":{"line":524,"column":14},"end":{"line":524,"column":15}},"loc":{"start":{"line":524,"column":20},"end":{"line":533,"column":3}},"line":524},"24":{"name":"setupPageUnloadCleanup","decl":{"start":{"line":540,"column":9},"end":{"line":540,"column":31}},"loc":{"start":{"line":540,"column":34},"end":{"line":550,"column":1}},"line":540},"25":{"name":"(anonymous_25)","decl":{"start":{"line":541,"column":25},"end":{"line":541,"column":26}},"loc":{"start":{"line":541,"column":37},"end":{"line":546,"column":3}},"line":541},"26":{"name":"handleExtensionMessage","decl":{"start":{"line":558,"column":15},"end":{"line":558,"column":37}},"loc":{"start":{"line":558,"column":69},"end":{"line":636,"column":1}},"line":558},"27":{"name":"activateSelectionMode","decl":{"start":{"line":641,"column":9},"end":{"line":641,"column":30}},"loc":{"start":{"line":641,"column":33},"end":{"line":658,"column":1}},"line":641},"28":{"name":"deactivateSelectionMode","decl":{"start":{"line":663,"column":9},"end":{"line":663,"column":32}},"loc":{"start":{"line":663,"column":35},"end":{"line":680,"column":1}},"line":663},"29":{"name":"setupSelectionListeners","decl":{"start":{"line":685,"column":9},"end":{"line":685,"column":32}},"loc":{"start":{"line":685,"column":35},"end":{"line":697,"column":1}},"line":685},"30":{"name":"handleSelectionChange","decl":{"start":{"line":702,"column":9},"end":{"line":702,"column":30}},"loc":{"start":{"line":702,"column":33},"end":{"line":715,"column":1}},"line":702},"31":{"name":"handleMouseUp","decl":{"start":{"line":721,"column":9},"end":{"line":721,"column":22}},"loc":{"start":{"line":721,"column":30},"end":{"line":740,"column":1}},"line":721},"32":{"name":"(anonymous_32)","decl":{"start":{"line":727,"column":13},"end":{"line":727,"column":14}},"loc":{"start":{"line":727,"column":19},"end":{"line":739,"column":3}},"line":727},"33":{"name":"handleKeyDown","decl":{"start":{"line":746,"column":9},"end":{"line":746,"column":22}},"loc":{"start":{"line":746,"column":30},"end":{"line":767,"column":1}},"line":746},"34":{"name":"handleContextMenu","decl":{"start":{"line":773,"column":9},"end":{"line":773,"column":26}},"loc":{"start":{"line":773,"column":34},"end":{"line":778,"column":1}},"line":773},"35":{"name":"processValidSelection","decl":{"start":{"line":784,"column":15},"end":{"line":784,"column":36}},"loc":{"start":{"line":784,"column":51},"end":{"line":842,"column":1}},"line":784},"36":{"name":"createSelectionModeIndicator","decl":{"start":{"line":847,"column":9},"end":{"line":847,"column":37}},"loc":{"start":{"line":847,"column":40},"end":{"line":867,"column":1}},"line":847},"37":{"name":"showSelectionModeIndicator","decl":{"start":{"line":872,"column":9},"end":{"line":872,"column":35}},"loc":{"start":{"line":872,"column":38},"end":{"line":877,"column":1}},"line":872},"38":{"name":"hideSelectionModeIndicator","decl":{"start":{"line":882,"column":9},"end":{"line":882,"column":35}},"loc":{"start":{"line":882,"column":38},"end":{"line":887,"column":1}},"line":882},"39":{"name":"updateSelectionPreview","decl":{"start":{"line":893,"column":9},"end":{"line":893,"column":31}},"loc":{"start":{"line":893,"column":43},"end":{"line":899,"column":1}},"line":893},"40":{"name":"hideSelectionPreview","decl":{"start":{"line":904,"column":9},"end":{"line":904,"column":29}},"loc":{"start":{"line":904,"column":32},"end":{"line":906,"column":1}},"line":904},"41":{"name":"showSelectionError","decl":{"start":{"line":912,"column":9},"end":{"line":912,"column":27}},"loc":{"start":{"line":912,"column":37},"end":{"line":914,"column":1}},"line":912},"42":{"name":"showSelectionSuccess","decl":{"start":{"line":920,"column":9},"end":{"line":920,"column":29}},"loc":{"start":{"line":920,"column":39},"end":{"line":922,"column":1}},"line":920},"43":{"name":"showTemporaryMessage","decl":{"start":{"line":929,"column":9},"end":{"line":929,"column":29}},"loc":{"start":{"line":929,"column":54},"end":{"line":956,"column":1}},"line":929},"44":{"name":"(anonymous_44)","decl":{"start":{"line":951,"column":13},"end":{"line":951,"column":14}},"loc":{"start":{"line":951,"column":19},"end":{"line":955,"column":3}},"line":951},"45":{"name":"handleShowHints","decl":{"start":{"line":962,"column":15},"end":{"line":962,"column":30}},"loc":{"start":{"line":962,"column":33},"end":{"line":976,"column":1}},"line":962},"46":{"name":"handleHideHints","decl":{"start":{"line":982,"column":15},"end":{"line":982,"column":30}},"loc":{"start":{"line":982,"column":33},"end":{"line":989,"column":1}},"line":982},"47":{"name":"handleResetSettings","decl":{"start":{"line":994,"column":15},"end":{"line":994,"column":34}},"loc":{"start":{"line":994,"column":37},"end":{"line":1016,"column":1}},"line":994},"48":{"name":"handleForceCleanup","decl":{"start":{"line":1022,"column":15},"end":{"line":1022,"column":33}},"loc":{"start":{"line":1022,"column":36},"end":{"line":1043,"column":1}},"line":1022},"49":{"name":"handleValidateSession","decl":{"start":{"line":1049,"column":15},"end":{"line":1049,"column":36}},"loc":{"start":{"line":1049,"column":39},"end":{"line":1075,"column":1}},"line":1049},"50":{"name":"(anonymous_50)","decl":{"start":{"line":1082,"column":2},"end":{"line":1082,"column":3}},"loc":{"start":{"line":1082,"column":16},"end":{"line":1087,"column":3}},"line":1082},"51":{"name":"(anonymous_51)","decl":{"start":{"line":1094,"column":2},"end":{"line":1094,"column":3}},"loc":{"start":{"line":1094,"column":42},"end":{"line":1119,"column":3}},"line":1094},"52":{"name":"(anonymous_52)","decl":{"start":{"line":1125,"column":2},"end":{"line":1125,"column":3}},"loc":{"start":{"line":1125,"column":24},"end":{"line":1164,"column":3}},"line":1125},"53":{"name":"(anonymous_53)","decl":{"start":{"line":1170,"column":2},"end":{"line":1170,"column":3}},"loc":{"start":{"line":1170,"column":30},"end":{"line":1205,"column":3}},"line":1170},"54":{"name":"(anonymous_54)","decl":{"start":{"line":1213,"column":2},"end":{"line":1213,"column":3}},"loc":{"start":{"line":1213,"column":56},"end":{"line":1264,"column":3}},"line":1213},"55":{"name":"(anonymous_55)","decl":{"start":{"line":1215,"column":48},"end":{"line":1215,"column":49}},"loc":{"start":{"line":1216,"column":6},"end":{"line":1216,"column":60}},"line":1216},"56":{"name":"(anonymous_56)","decl":{"start":{"line":1220,"column":49},"end":{"line":1220,"column":50}},"loc":{"start":{"line":1220,"column":59},"end":{"line":1220,"column":76}},"line":1220},"57":{"name":"(anonymous_57)","decl":{"start":{"line":1225,"column":26},"end":{"line":1225,"column":27}},"loc":{"start":{"line":1225,"column":36},"end":{"line":1250,"column":5}},"line":1225},"58":{"name":"(anonymous_58)","decl":{"start":{"line":1229,"column":56},"end":{"line":1229,"column":57}},"loc":{"start":{"line":1229,"column":79},"end":{"line":1234,"column":11}},"line":1229},"59":{"name":"(anonymous_59)","decl":{"start":{"line":1253,"column":47},"end":{"line":1253,"column":48}},"loc":{"start":{"line":1253,"column":52},"end":{"line":1253,"column":69}},"line":1253},"60":{"name":"(anonymous_60)","decl":{"start":{"line":1257,"column":57},"end":{"line":1257,"column":58}},"loc":{"start":{"line":1257,"column":80},"end":{"line":1261,"column":9}},"line":1257},"61":{"name":"(anonymous_61)","decl":{"start":{"line":1272,"column":2},"end":{"line":1272,"column":3}},"loc":{"start":{"line":1272,"column":57},"end":{"line":1319,"column":3}},"line":1272},"62":{"name":"(anonymous_62)","decl":{"start":{"line":1326,"column":2},"end":{"line":1326,"column":3}},"loc":{"start":{"line":1326,"column":24},"end":{"line":1332,"column":3}},"line":1326},"63":{"name":"(anonymous_63)","decl":{"start":{"line":1337,"column":2},"end":{"line":1337,"column":3}},"loc":{"start":{"line":1337,"column":20},"end":{"line":1372,"column":3}},"line":1337},"64":{"name":"(anonymous_64)","decl":{"start":{"line":1377,"column":2},"end":{"line":1377,"column":3}},"loc":{"start":{"line":1377,"column":24},"end":{"line":1387,"column":3}},"line":1377},"65":{"name":"(anonym
[...]
e":544,"column":20},"end":{"line":544,"column":32}},{"start":{"line":544,"column":36},"end":{"line":544,"column":46}}],"line":544},"39":{"loc":{"start":{"line":557,"column":4},"end":{"line":560,"column":5}},"type":"if","locations":[{"start":{"line":557,"column":4},"end":{"line":560,"column":5}},{"start":{},"end":{}}],"line":557},"40":{"loc":{"start":{"line":563,"column":28},"end":{"line":564,"column":51}},"type":"cond-expr","locations":[{"start":{"line":564,"column":6},"end":{"line":564,"column":47}},{"start":{"line":564,"column":50},"end":{"line":564,"column":51}}],"line":563},"41":{"loc":{"start":{"line":566,"column":28},"end":{"line":566,"column":84}},"type":"cond-expr","locations":[{"start":{"line":566,"column":48},"end":{"line":566,"column":80}},{"start":{"line":566,"column":83},"end":{"line":566,"column":84}}],"line":566},"42":{"loc":{"start":{"line":567,"column":33},"end":{"line":568,"column":63}},"type":"cond-expr","locations":[{"start":{"line":568,"column":6},"end":{"line":568,"column":59}},{"start":{"line":568,"column":62},"end":{"line":568,"column":63}}],"line":567},"43":{"loc":{"start":{"line":591,"column":18},"end":{"line":591,"column":94}},"type":"cond-expr","locations":[{"start":{"line":591,"column":36},"end":{"line":591,"column":90}},{"start":{"line":591,"column":93},"end":{"line":591,"column":94}}],"line":591},"44":{"loc":{"start":{"line":592,"column":27},"end":{"line":592,"column":90}},"type":"cond-expr","locations":[{"start":{"line":592,"column":45},"end":{"line":592,"column":86}},{"start":{"line":592,"column":89},"end":{"line":592,"column":90}}],"line":592},"45":{"loc":{"start":{"line":627,"column":10},"end":{"line":627,"column":61}},"type":"binary-expr","locations":[{"start":{"line":627,"column":10},"end":{"line":627,"column":42}},{"start":{"line":627,"column":46},"end":{"line":627,"column":61}}],"line":627},"46":{"loc":{"start":{"line":649,"column":10},"end":{"line":649,"column":87}},"type":"cond-expr","locations":[{"start":{"line":649,"column":42},"end":{"line":649,"column":82}},{"start":{"line":649,"column":85},"end":{"line":649,"column":87}}],"line":649},"47":{"loc":{"start":{"line":667,"column":6},"end":{"line":669,"column":7}},"type":"if","locations":[{"start":{"line":667,"column":6},"end":{"line":669,"column":7}},{"start":{},"end":{}}],"line":667},"48":{"loc":{"start":{"line":674,"column":6},"end":{"line":676,"column":7}},"type":"if","locations":[{"start":{"line":674,"column":6},"end":{"line":676,"column":7}},{"start":{},"end":{}}],"line":674},"49":{"loc":{"start":{"line":687,"column":4},"end":{"line":689,"column":5}},"type":"if","locations":[{"start":{"line":687,"column":4},"end":{"line":689,"column":5}},{"start":{},"end":{}}],"line":687},"50":{"loc":{"start":{"line":693,"column":4},"end":{"line":695,"column":5}},"type":"if","locations":[{"start":{"line":693,"column":4},"end":{"line":695,"column":5}},{"start":{},"end":{}}],"line":693},"51":{"loc":{"start":{"line":698,"column":4},"end":{"line":701,"column":5}},"type":"if","locations":[{"start":{"line":698,"column":4},"end":{"line":701,"column":5}},{"start":{},"end":{}}],"line":698},"52":{"loc":{"start":{"line":698,"column":8},"end":{"line":699,"column":51}},"type":"binary-expr","locations":[{"start":{"line":698,"column":8},"end":{"line":698,"column":42}},{"start":{"line":699,"column":8},"end":{"line":699,"column":51}}],"line":698},"53":{"loc":{"start":{"line":705,"column":4},"end":{"line":712,"column":5}},"type":"if","locations":[{"start":{"line":705,"column":4},"end":{"line":712,"column":5}},{"start":{},"end":{}}],"line":705},"54":{"loc":{"start":{"line":708,"column":8},"end":{"line":710,"column":9}},"type":"if","locations":[{"start":{"line":708,"column":8},"end":{"line":710,"column":9}},{"start":{},"end":{}}],"line":708},"55":{"loc":{"start":{"line":708,"column":12},"end":{"line":708,"column":77}},"type":"binary-expr","locations":[{"start":{"line":708,"column":12},"end":{"line":708,"column":44}},{"start":{"line":708,"column":48},"end":{"line":708,"column":77}}],"line":708},"56":{"loc":{"start":{"line":728,"column":4},"end":{"line":730,"column":5}},"type":"if","locations":[{"start":{"line":728,"column":4},"end":{"line":730,"column":5}},{"start":{},"end":{}}],"line":728},"57":{"loc":{"start":{"line":742,"column":6},"end":{"line":748,"column":7}},"type":"if","locations":[{"start":{"line":742,"column":6},"end":{"line":748,"column":7}},{"start":{},"end":{}}],"line":742},"58":{"loc":{"start":{"line":744,"column":8},"end":{"line":746,"column":9}},"type":"if","locations":[{"start":{"line":744,"column":8},"end":{"line":746,"column":9}},{"start":{},"end":{}}],"line":744},"59":{"loc":{"start":{"line":744,"column":12},"end":{"line":744,"column":76}},"type":"binary-expr","locations":[{"start":{"line":744,"column":12},"end":{"line":744,"column":27}},{"start":{"line":744,"column":31},"end":{"line":744,"column":76}}],"line":744},"60":{"loc":{"start":{"line":763,"column":10},"end":{"line":765,"column":11}},"type":"if","locations":[{"start":{"line":763,"column":10},"end":{"line":765,"column":11}},{"start":{},"end":{}}],"line":763},"61":{"loc":{"start":{"line":774,"column":6},"end":{"line":776,"column":7}},"type":"if","locations":[{"start":{"line":774,"column":6},"end":{"line":776,"column":7}},{"start":{},"end":{}}],"line":774},"62":{"loc":{"start":{"line":790,"column":4},"end":{"line":792,"column":5}},"type":"if","locations":[{"start":{"line":790,"column":4},"end":{"line":792,"column":5}},{"start":{},"end":{}}],"line":790},"63":{"loc":{"start":{"line":797,"column":6},"end":{"line":800,"column":7}},"type":"if","locations":[{"start":{"line":797,"column":6},"end":{"line":800,"column":7}},{"start":{},"end":{}}],"line":797},"64":{"loc":{"start":{"line":803,"column":6},"end":{"line":808,"column":7}},"type":"if","locations":[{"start":{"line":803,"column":6},"end":{"line":808,"column":7}},{"start":{},"end":{}}],"line":803},"65":{"loc":{"start":{"line":803,"column":10},"end":{"line":803,"column":62}},"type":"binary-expr","locations":[{"start":{"line":803,"column":10},"end":{"line":803,"column":27}},{"start":{"line":803,"column":31},"end":{"line":803,"column":62}}],"line":803},"66":{"loc":{"start":{"line":804,"column":8},"end":{"line":807,"column":9}},"type":"if","locations":[{"start":{"line":804,"column":8},"end":{"line":807,"column":9}},{"start":{},"end":{}}],"line":804},"67":{"loc":{"start":{"line":811,"column":6},"end":{"line":814,"column":7}},"type":"if","locations":[{"start":{"line":811,"column":6},"end":{"line":814,"column":7}},{"start":{},"end":{}}],"line":811},"68":{"loc":{"start":{"line":811,"column":10},"end":{"line":811,"column":69}},"type":"binary-expr","locations":[{"start":{"line":811,"column":10},"end":{"line":811,"column":30}},{"start":{"line":811,"column":34},"end":{"line":811,"column":69}}],"line":811},"69":{"loc":{"start":{"line":817,"column":6},"end":{"line":823,"column":7}},"type":"if","locations":[{"start":{"line":817,"column":6},"end":{"line":823,"column":7}},{"start":{},"end":{}}],"line":817},"70":{"loc":{"start":{"line":819,"column":8},"end":{"line":822,"column":9}},"type":"if","locations":[{"start":{"line":819,"column":8},"end":{"line":822,"column":9}},{"start":{},"end":{}}],"line":819},"71":{"loc":{"start":{"line":844,"column":6},"end":{"line":848,"column":7}},"type":"if","locations":[{"start":{"line":844,"column":6},"end":{"line":848,"column":7}},{"start":{},"end":{}}],"line":844},"72":{"loc":{"start":{"line":851,"column":6},"end":{"line":854,"column":7}},"type":"if","locations":[{"start":{"line":851,"column":6},"end":{"line":854,"column":7}},{"start":{},"end":{}}],"line":851},"73":{"loc":{"start":{"line":851,"column":10},"end":{"line":851,"column":85}},"type":"binary-expr","locations":[{"start":{"line":851,"column":10},"end":{"line":851,"column":61}},{"start":{"line":851,"column":65},"end":{"line":851,"column":85}}],"line":851},"74":{"loc":{"start":{"line":856,"column":6},"end":{"line":867,"column":7}},"type":"if","locations":[{"start":{"line":856,"column":6},"end":{"line":867,"column":7}},{"start":{},"end":{}}],"line":856},"75":{"loc":{"start":{"line":856,"column":10},"end":{"line":856,"column":98}},"type":"binary-expr","locations":[{"start":{"line":856,"column":10},"end":{"line":856,"column":56}},{"start":{"line":856,"column":60},"end":{"line":856,"column":72}},{"start":{"line":856,"column":76},"end":{"line":856,"column":98}}],"line":856},"76":{"loc":{"start":{"line":861,"column":29},"end":{"line":862,"column":58}},"type":"cond-expr","locations":[{"start":{"line":862,"column":10},"end":{"line":862,"column":51}},{"start":{"line":862,"column":54},"end":{"line":862,"column":58}}],"line":861},"77":{"loc":{"start":{"line":864,"column":8},"end":{"line":866,"column":9}},"type":"if","locations":[{"start":{"line":864,"column":8},"end":{"line":866,"column":9}},{"start":{},"end":{}}],"line":864},"78":{"loc":{"start":{"line":872,"column":6},"end":{"line":879,"column":7}},"type":"if","locations":[{"start":{"line":872,"column":6},"end":{"line":879,"column":7}},{"start":{"line":875,"column":13},"end":{"line":879,"column":7}}],"line":872},"79":{"loc":{"start":{"line":894,"column":4},"end":{"line":896,"column":5}},"type":"if","locations":[{"start":{"line":894,"column":4},"end":{"line":896,"column":5}},{"start":{},"end":{}}],"line":894},"80":{"loc":{"start":{"line":894,"column":8},"end":{"line":894,"column":52}},"type":"binary-expr","locations":[{"start":{"line":894,"column":8},"end":{"line":894,"column":26}},{"start":{"line":894,"column":30},"end":{"line":894,"column":52}}],"line":894},"81":{"loc":{"start":{"line":899,"column":4},"end":{"line":902,"column":5}},"type":"if","locations":[{"start":{"line":899,"column":4},"end":{"line":902,"column":5}},{"start":{},"end":{}}],"line":899},"82":{"loc":{"start":{"line":899,"column":8},"end":{"line":900,"column":59}},"type":"binary-expr","locations":[{"start":{"line":899,"column":8},"end":{"line":899,"column":39}},{"start":{"line":900,"column":8},"end":{"line":900,"column":59}}],"line":899},"83":{"loc":{"start":{"line":905,"column":4},"end":{"line":907,"column":5}},"type":"if","locations":[{"start":{"line":905,"column":4},"end":{"line":907,"column":5}},{"start":{},"end":{}}],"line":905},"84":{"loc":{"start":{"line":916,"column":4},"end":{"line":918,"column":5}},"type":"if","locations":[{"start":{"line":916,"column":4},"end":{"line":918,"column":5}},{"start":{},"end":{}}],"line":916},"85":{"loc":{"start":{"line":920,"column":4},"end":{"line":940,"column":5}},"type":"if","locations":[{"start":{"line":920,"column":4},"end":{"line":940,"column":5}},{"start":{"line":926,"column":11},"end":{"line":940,"column":5}}],"line":920},"86":{"loc":{"start":{"line":922,"column":6},"end":{"line":924,"column":7}},"type":"if","locations":[{"start":{"line":922,"column":6},"end":{"line":924,"column":7}},{"start":{},"end":{}}],"line":922},"87":{"loc":{"start":{"line":922,"column":10},"end":{"line":922,"column":93}},"type":"binary-expr","locations":[{"start":{"line":922,"column":10},"end":{"line":922,"column":32}},{"start":{"line":922,"column":36},"end":{"line":922,"column":93}}],"line":922},"88":{"loc":{"start":{"line":928,"column":6},"end":{"line":930,"column":7}},"type":"if","locations":[{"start":{"line":928,"column":6},"end":{"line":930,"column":7}},{"start":{},"end":{}}],"line":928},"89":{"loc":{"start":{"line":928,"column":10},"end":{"line":928,"column":94}},"type":"binary-expr","locations":[{"start":{"line":928,"column":10},"end":{"line":928,"column":32}},{"start":{"line":928,"column":36},"end":{"line":928,"column":94}}],"line":928},"90":{"loc":{"start":{"line":934,"column":6},"end":{"line":939,"column":7}},"type":"if","locations":[{"start":{"line":934,"column":6},"end":{"line":939,"column":7}},{"start":{"line":937,"column":13},"end":{"line":939,"column":7}}],"line":934},"91":{"loc":{"start":{"line":960,"column":4},"end":{"line":983,"column":5}},"type":"if","locations":[{"start":{"line":960,"column":4},"end":{"line":983,"column":5}},{"start":{},"end":{}}],"line":960},"92":{"loc":{"start":{"line":966,"column":8},"end":{"line":969,"column":9}},"type":"if","locations":[{"start":{"line":966,"column":8},"end":{"line":969,"column":9}},{"start":{},"end":{}}],"line":966},"93":{"loc":{"start":{"line":973,"column":8},"end":{"line":975,"column":9}},"type":"if","locations":[{"start":{"line":973,"column":8},"end":{"line":975,"column":9}},{"start":{},"end":{}}],"line":973},"94":{"loc":{"start":{"line":973,"column":12},"end":{"line":973,"column":41}},"type":"binary-expr","locations":[{"start":{"line":973,"column":12},"end":{"line":973,"column":19}},{"start":{"line":973,"column":23},"end":{"line":973,"column":41}}],"line":973},"95":{"loc":{"start":{"line":1022,"column":6},"end":{"line":1025,"column":7}},"type":"if","locations":[{"start":{"line":1022,"column":6},"end":{"line":1025,"column":7}},{"start":{},"end":{}}],"line":1022},"96":{"loc":{"start":{"line":1028,"column":6},"end":{"line":1031,"column":7}},"type":"if","locations":[{"start":{"line":1028,"column":6},"end":{"line":1031,"column":7}},{"start":{},"end":{}}],"line":1028},"97":{"loc":{"start":{"line":1034,"column":6},"end":{"line":1037,"column":7}},"type":"if","locations":[{"start":{"line":1034,"column":6},"end":{"line":1037,"column":7}},{"start":{},"end":{}}],"line":1034},"98":{"loc":{"start":{"line":1040,"column":6},"end":{"line":1043,"column":7}},"type":"if","locations":[{"start":{"line":1040,"column":6},"end":{"line":1043,"column":7}},{"start":{},"end":{}}],"line":1040},"99":{"loc":{"start":{"line":1046,"column":6},"end":{"line":1049,"column":7}},"type":"if","locations":[{"start":{"line":1046,"column":6},"end":{"line":1049,"column":7}},{"start":{},"end":{}}],"line":1046},"100":{"loc":{"start":{"line":1093,"column":6},"end":{"line":1095,"column":7}},"type":"if","locations":[{"start":{"line":1093,"column":6},"end":{"line":1095,"column":7}},{"start":{},"end":{}}],"line":1093},"101":{"loc":{"start":{"line":1093,"column":10},"end":{"line":1093,"column":39}},"type":"binary-expr","locations":[{"start":{"line":1093,"column":10},"end":{"line":1093,"column":17}},{"start":{"line":1093,"column":21},"end":{"line":1093,"column":39}}],"line":1093},"102":{"loc":{"start":{"line":1098,"column":6},"end":{"line":1100,"column":7}},"type":"if","locations":[{"start":{"line":1098,"column":6},"end":{"line":1100,"column":7}},{"start":{},"end":{}}],"line":1098},"103":{"loc":{"start":{"line":1098,"column":10},"end":{"line":1098,"column":37}},"type":"binary-expr","locations":[{"start":{"line":1098,"column":10},"end":{"line":1098,"column":16}},{"start":{"line":1098,"column":20},"end":{"line":1098,"column":37}}],"line":1098},"104":{"loc":{"start":{"line":1103,"column":6},"end":{"line":1105,"column":7}},"type":"if","locations":[{"start":{"line":1103,"column":6},"end":{"line":1105,"column":7}},{"start":{},"end":{}}],"line":1103},"105":{"loc":{"start":{"line":1103,"column":10},"end":{"line":1103,"column":35}},"type":"binary-expr","locations":[{"start":{"line":1103,"column":10},"end":{"line":1103,"column":15}},{"start":{"line":1103,"column":19},"end":{"line":1103,"column":35}}],"line":1103},"106":{"loc":{"start":{"line":1142,"column":0},"end":{"line":1144,"column":1}},"type":"if","locations":[{"start":{"line":1142,"column":0},"end":{"line":1144,"column":1}},{"start":{},"end":{}}],"line":1142},"107":{"loc":{"start":{"line":1142,"column":4},"end":{"line":1142,"column":51}},"type":"binary-expr","locations":[{"start":{"line":1142,"column":4},"end":{"line":1142,"column":33}},{"start":{"line":1142,"column":37},"end":{"line":1142,"column":51}}],"line":1142}},"s":{"0":0,"1":0,"2":0,"3":0,"4":0,"5":0,"6":0,"7":0,"8":0,"9":0,"10":0,"11":0,"12":0,"13":0,"14":0,"15":0,"16":0,"17":0,"18":0,"19":0,"20":0,"21":0,"22":0,"23":0,"24":0,"25":0,"26":0,"27":0,"28":0,"29":0,"30":0,"31":0,"32":0,"33":0,"34":0,"35":0,"36":0,"37":0,"38":0,"39":0,"40":0,"41":0,"42":0,"43":0,"44":0,"45":0,"46":0,"47":0,"48":0,"49":0,"50":0,"51":0,"52":0,"53":0,"54":0,"55":0,"56":0,"57":0,"58":0,"59":0,"60":0,"61":0,"62":0,"63":0,"64":0,"65":0,"66":0,"67":0,"68":0,"69":0,"70":0,"71":0,"72":0,"73":0,"74":0,"75":0,"76":0,"77":0,"78":0,"79":0,"80":0,"81":0,"82":0,"83":0,"84":0,"85":0,"86":0,"87":0,"88":0,"89":0,"90":0,"91":0,"92":0,"93":0,"94":0,"95":0,"96":0,"97":0,"98":0,"99":0,"100":0,"101":0,"102":0,"103":0,"104":0,"105":0,"106":0,"107":0,"108":0,"109":0,"110":0,"111":0,"112":0,"113":0,"114":0,"115":0,"116":0,"117":0,"118":0,"119":0,"120":0,"121":0,"122":0,"123":0,"124":0,"125":0,"126":0,"127":0,"128":0,"129":0,"130":0,"131":0,"132":0,"133":0,"134":0,"135":0,"136":0,"137":0,"138":0,"139":0,"140":0,"141":0,"142":0,"143":0,"144":0,"145":0,"146":0,"147":0,"148":0,"149":0,"150":0,"151":0,"152":0,"153":0,"154":0,"155":0,"156":0,"157":0,"158":0,"159":0,"160":0,"161":0,"162":0,"163":0,"164":0,"165":0,"166":0,"167":0,"168":0,"169":0,"170":0,"171":0,"172":0,"173":0,"174":0,"175":0,"176":0,"177":0,"178":0,"179":0,"180":0,"181":0,"182":0,"183":0,"184":0,"185":0,"186":0,"187":0,"188":0,"189":0,"190":0,"191":0,"192":0,"193":0,"194":0,"195":0,"196":0,"197":0,"198":0,"199":0,"200":0,"201":0,"202":0,"203":0,"204":0,"205":0,"206":0,"207":0,"208":0,"209":0,"210":0,"211":0,"212":0,"213":0,"214":0,"215":0,"216":0,"217":0,"218":0,"219":0,"220":0,"221":0,"222":0,"223":0,"224":0,"225":0,"226":0,"227":0,"228":0,"229":0,"230":0,"231":0,"232":0,"233":0,"234":0,"235":0,"236":0,"237":0,"238":0,"239":0,"240":0,"241":0,"242":0,"243":0,"244":0,"245":0,"246":0,"247":0,"248":0,"249":0,"250":0,"251":0,"252":0,"253":0,"254":0,"255":0,"256":0,"257":0,"258":0,"259":0,"260":0,"261":0,"262":0,"263":0,"264":0,"265":0,"266":0,"267":0,"268":0,"269":0,"270":0,"271":0,"272":0,"273":0,"274":0,"275":0,"276":0,"277":0,"278":0,"279":0,"280":0,"281":0,"282":0,"283":0,"284":0,"285":0,"286":0,"287":0,"288":0,"289":0,"290":0,"291":0,"292":0,"293":0,"294":0,"295":0,"296":0,"297":0,"298":0,"299":0,"300":0,"301":0,"302":0,"303":0,"304":0,"305":0,"306":0,"307":0,"308":0,"309":0,"310":0,"311":0,"312":0,"313":0,"314":0,"315":0,"316":0,"317":0,"318":0,"319":0,"320":0,"321":0,"322":0,"323":0,"324":0,"325":0,"326":0,"327":0,"328":0,"329":0,"330":0,"331":0,"332":0,"333":0,"334":0,"335":0,"336":0,"337":0,"338":0,"339":0,"340":0,"341":0,"342":0,"343":0,"344":0,"345":0,"346":0,"347":0,"348":0,"349":0,"350":0,"351":0,"352":0,"353":0,"354":0,"355":0,"356":0,"357":0,"358":0,"359":0,"360":0,"361":0,"362":0,"363":0,"364":0,"365":0,"366":0,"367":0,"368":0,"369":0,"370":0,"371":0,"372":0,"373":0,"374":0,"375":0,"376":0,"377":0,"378":0},"f":{"0":0,"1":0,"2":0,"3":0,"4":0,"5":0,"6":0,"7":0,"8":0,"9":0,"10":0,"11":0,"12":0,"13":0,"14":0,"15":0,"16":0,"17":0,"18":0,"19":0,"20":0,"21":0,"22":0,"23":0,"24":0,"25":0,"26":0,"27":0,"28":0,"29":0,"30":0,"31":0,"32":0,"33":0,"34":0,"35":0,"36":0,"37":0,"38":0,"39":0,"40":0,"41":0,"42":0,"43":0,"44":0,"45":0,"46":0},"b":{"0":[0,0],"1":[0,0],"2":[0,0],"3":[0],"4":[0,0],"5":[0,0],"6":[0,0],"7":[0,0],"8":[0,0],"9":[0,0],"10":[0,0],"11":[0,0],"12":[0,0],"13":[0,0],"14":[0,0],"15":[0,0],"16":[0,0],"17":[0,0],"18":[0,0],"19":[0,0],"20":[0,0],"21":[0,0],"22":[0,0],"23":[0,0],"24":[0,0],"25":[0,0],"26":[0,0],"27":[0,0],"28":[0,0],"29":[0,0],"30":[0,0],"31":[0,0],"32":[0,0],"33":[0,0],"34":[0,0],"35":[0,0],"36":[0,0],"37":[0],"38":[0,0],"39":[0,0],"40":[0,0],"41":[0,0],"42":[0,0],"43":[0,0],"44":[0,0],"45":[0,0],"46":[0,0],"47":[0,0],"48":[0,0],"49":[0,0],"50":[0,0],"51":[0,0],"52":[0,0],"53":[0,0],"54":[0,0],"55":[0,0],"56":[0,0],"57":[0,0],"58":[0,0],"59":[0,0],"60":[0,0],"61":[0,0],"62":[0,0],"63":[0,0],"64":[0,0],"65":[0,0],"66":[0,0],"67":[0,0],"68":[0,0],"69":[0,0],"70":[0,0],"71":[0,0],"72":[0,0],"73":[0,0],"74":[0,0],"75":[0,0,0],"76":[0,0],"77":[0,0],"78":[0,0],"79":[0,0],"80":[0,0],"81":[0,0],"82":[0,0],"83":[0,0],"84":[0,0],"85":[0,0],"86":[0,0],"87":[0,0],"88":[0,0],"89":[0,0],"90":[0,0],"91":[0,0],"92":[0,0],"93":[0,0],"94":[0,0],"95":[0,0],"96":[0,0],"97":[0,0],"98":[0,0],"99":[0,0],"100":[0,0],"101":[0,0],"102":[0,0],"103":[0,0],"104":[0,0],"105":[0,0],"106":[0,0],"107":[0,0]}}
}
