TN:
SF:src/background/background.js
FN:11,(anonymous_0)
FN:39,(anonymous_1)
FN:52,initializeDefaultSettings
FN:84,handleExtensionUpdate
FN:100,(anonymous_4)
FN:135,(anonymous_5)
FN:151,(anonymous_6)
FN:192,createContextMenus
FN:194,(anonymous_8)
FN:263,(anonymous_9)
FNF:10
FNH:0
FNDA:0,(anonymous_0)
FNDA:0,(anonymous_1)
FNDA:0,initializeDefaultSettings
FNDA:0,handleExtensionUpdate
FNDA:0,(anonymous_4)
FNDA:0,(anonymous_5)
FNDA:0,(anonymous_6)
FNDA:0,createContextMenus
FNDA:0,(anonymous_8)
FNDA:0,(anonymous_9)
DA:8,0
DA:11,0
DA:12,0
DA:15,0
DA:17,0
DA:19,0
DA:20,0
DA:23,0
DA:25,0
DA:26,0
DA:30,0
DA:31,0
DA:35,0
DA:39,0
DA:40,0
DA:43,0
DA:46,0
DA:53,0
DA:54,0
DA:56,0
DA:57,0
DA:69,0
DA:73,0
DA:76,0
DA:85,0
DA:87,0
DA:95,0
DA:100,0
DA:101,0
DA:103,0
DA:104,0
DA:105,0
DA:109,0
DA:113,0
DA:115,0
DA:120,0
DA:125,0
DA:128,0
DA:129,0
DA:135,0
DA:136,0
DA:137,0
DA:141,0
DA:145,0
DA:151,0
DA:152,0
DA:154,0
DA:156,0
DA:157,0
DA:158,0
DA:162,0
DA:163,0
DA:167,0
DA:172,0
DA:177,0
DA:178,0
DA:181,0
DA:182,0
DA:185,0
DA:194,0
DA:195,0
DA:197,0
DA:203,0
DA:210,0
DA:217,0
DA:224,0
DA:231,0
DA:238,0
DA:245,0
DA:252,0
DA:254,0
DA:263,0
DA:264,0
DA:266,0
DA:269,0
DA:271,0
DA:274,0
DA:275,0
DA:278,0
DA:281,0
DA:282,0
DA:286,0
DA:287,0
DA:290,0
DA:291,0
DA:294,0
DA:297,0
DA:298,0
DA:301,0
DA:304,0
DA:305,0
DA:308,0
DA:311,0
DA:314,0
DA:315,0
DA:316,0
DA:320,0
DA:322,0
LF:98
LH:0
BRDA:15,0,0,0
BRDA:15,0,1,0
BRDA:15,0,2,0
BRDA:15,0,3,0
BRDA:56,1,0,0
BRDA:56,1,1,0
BRDA:103,2,0,0
BRDA:103,2,1,0
BRDA:103,3,0,0
BRDA:103,3,1,0
BRDA:103,3,2,0
BRDA:113,4,0,0
BRDA:113,4,1,0
BRDA:113,5,0,0
BRDA:113,5,1,0
BRDA:154,6,0,0
BRDA:154,6,1,0
BRDA:154,6,2,0
BRDA:162,7,0,0
BRDA:162,7,1,0
BRDA:162,8,0,0
BRDA:162,8,1,0
BRDA:269,9,0,0
BRDA:269,9,1,0
BRDA:269,9,2,0
BRDA:269,9,3,0
BRDA:269,9,4,0
BRDA:269,9,5,0
BRDA:314,10,0,0
BRDA:314,10,1,0
BRDA:314,11,0,0
BRDA:314,11,1,0
BRF:32
BRH:0
end_of_record
TN:
SF:src/content/content-script.js
FN:14,(anonymous_0)
FN:22,(anonymous_1)
FN:48,(anonymous_2)
FN:108,(anonymous_3)
FN:138,(anonymous_4)
FN:157,(anonymous_5)
FN:162,(anonymous_6)
FN:196,(anonymous_7)
FN:229,(anonymous_8)
FN:244,(anonymous_9)
FN:266,(anonymous_10)
FN:287,(anonymous_11)
FN:315,(anonymous_12)
FN:336,(anonymous_13)
FN:359,(anonymous_14)
FN:392,(anonymous_15)
FN:396,(anonymous_16)
FN:410,(anonymous_17)
FN:433,(anonymous_18)
FN:443,(anonymous_19)
FN:482,cleanupCurrentSession
FN:494,initializeContentScript
FN:522,setupSessionValidation
FN:524,(anonymous_23)
FN:540,setupPageUnloadCleanup
FN:541,(anonymous_25)
FN:558,handleExtensionMessage
FN:641,activateSelectionMode
FN:663,deactivateSelectionMode
FN:685,setupSelectionListeners
FN:702,handleSelectionChange
FN:721,handleMouseUp
FN:727,(anonymous_32)
FN:746,handleKeyDown
FN:773,handleContextMenu
FN:784,processValidSelection
FN:847,createSelectionModeIndicator
FN:872,showSelectionModeIndicator
FN:882,hideSelectionModeIndicator
FN:893,updateSelectionPreview
FN:904,hideSelectionPreview
FN:912,showSelectionError
FN:920,showSelectionSuccess
FN:929,showTemporaryMessage
FN:951,(anonymous_44)
FN:962,handleShowHints
FN:982,handleHideHints
FN:994,handleResetSettings
FN:1022,handleForceCleanup
FN:1049,handleValidateSession
FN:1082,(anonymous_50)
FN:1094,(anonymous_51)
FN:1125,(anonymous_52)
FN:1170,(anonymous_53)
FN:1213,(anonymous_54)
FN:1215,(anonymous_55)
FN:1220,(anonymous_56)
FN:1225,(anonymous_57)
FN:1229,(anonymous_58)
FN:1253,(anonymous_59)
FN:1257,(anonymous_60)
FN:1272,(anonymous_61)
FN:1326,(anonymous_62)
FN:1337,(anonymous_63)
FN:1377,(anonymous_64)
FN:1392,(anonymous_65)
FN:1403,(anonymous_66)
FN:1419,(anonymous_67)
FN:1450,(anonymous_68)
FN:1474,(anonymous_69)
FN:1512,(anonymous_70)
FN:1519,(anonymous_71)
FN:1537,(anonymous_72)
FN:1562,(anonymous_73)
FN:1578,(anonymous_74)
FN:1839,(anonymous_75)
FN:1847,(anonymous_76)
FN:1855,(anonymous_77)
FN:1862,(anonymous_78)
FN:1891,(anonymous_79)
FN:1911,(anonymous_80)
FN:1912,(anonymous_81)
FN:1913,(anonymous_82)
FN:1929,(anonymous_83)
FN:1952,(anonymous_84)
FN:1969,(anonymous_85)
FN:2015,(anonymous_86)
FN:2035,(anonymous_87)
FN:2063,(anonymous_88)
FN:2084,(anonymous_89)
FN:2095,(anonymous_90)
FN:2102,(anonymous_91)
FN:2112,(anonymous_92)
FN:2135,(anonymous_93)
FN:2157,(anonymous_94)
FN:2186,(anonymous_95)
FN:2229,(anonymous_96)
FN:2262,(anonymous_97)
FN:2276,(anonymous_98)
FN:2301,(anonymous_99)
FN:2313,(anonymous_100)
FN:2337,(anonymous_101)
FN:2356,(anonymous_102)
FN:2364,(anonymous_103)
FN:2376,(anonymous_104)
FN:2383,(anonymous_105)
FN:2385,(anonymous_106)
FNF:107
FNH:3
FNDA:11,(anonymous_0)
FNDA:0,(anonymous_1)
FNDA:6,(anonymous_2)
FNDA:0,(anonymous_3)
FNDA:0,(anonymous_4)
FNDA:0,(anonymous_5)
FNDA:0,(anonymous_6)
FNDA:0,(anonymous_7)
FNDA:0,(anonymous_8)
FNDA:0,(anonymous_9)
FNDA:0,(anonymous_10)
FNDA:0,(anonymous_11)
FNDA:0,(anonymous_12)
FNDA:0,(anonymous_13)
FNDA:5,(anonymous_14)
FNDA:0,(anonymous_15)
FNDA:0,(anonymous_16)
FNDA:0,(anonymous_17)
FNDA:0,(anonymous_18)
FNDA:0,(anonymous_19)
FNDA:0,cleanupCurrentSession
FNDA:0,initializeContentScript
FNDA:0,setupSessionValidation
FNDA:0,(anonymous_23)
FNDA:0,setupPageUnloadCleanup
FNDA:0,(anonymous_25)
FNDA:0,handleExtensionMessage
FNDA:0,activateSelectionMode
FNDA:0,deactivateSelectionMode
FNDA:0,setupSelectionListeners
FNDA:0,handleSelectionChange
FNDA:0,handleMouseUp
FNDA:0,(anonymous_32)
FNDA:0,handleKeyDown
FNDA:0,handleContextMenu
FNDA:0,processValidSelection
FNDA:0,createSelectionModeIndicator
FNDA:0,showSelectionModeIndicator
FNDA:0,hideSelectionModeIndicator
FNDA:0,updateSelectionPreview
FNDA:0,hideSelectionPreview
FNDA:0,showSelectionError
FNDA:0,showSelectionSuccess
FNDA:0,showTemporaryMessage
FNDA:0,(anonymous_44)
FNDA:0,handleShowHints
FNDA:0,handleHideHints
FNDA:0,handleResetSettings
FNDA:0,handleForceCleanup
FNDA:0,handleValidateSession
FNDA:0,(anonymous_50)
FNDA:0,(anonymous_51)
FNDA:0,(anonymous_52)
FNDA:0,(anonymous_53)
FNDA:0,(anonymous_54)
FNDA:0,(anonymous_55)
FNDA:0,(anonymous_56)
FNDA:0,(anonymous_57)
FNDA:0,(anonymous_58)
FNDA:0,(anonymous_59)
FNDA:0,(anonymous_60)
FNDA:0,(anonymous_61)
FNDA:0,(anonymous_62)
FNDA:0,(anonymous_63)
FNDA:0,(anonymous_64)
FNDA:0,(anonymous_65)
FNDA:0,(anonymous_66)
FNDA:0,(anonymous_67)
FNDA:0,(anonymous_68)
FNDA:0,(anonymous_69)
FNDA:0,(anonymous_70)
FNDA:0,(anonymous_71)
FNDA:0,(anonymous_72)
FNDA:0,(anonymous_73)
FNDA:0,(anonymous_74)
FNDA:0,(anonymous_75)
FNDA:0,(anonymous_76)
FNDA:0,(anonymous_77)
FNDA:0,(anonymous_78)
FNDA:0,(anonymous_79)
FNDA:0,(anonymous_80)
FNDA:0,(anonymous_81)
FNDA:0,(anonymous_82)
FNDA:0,(anonymous_83)
FNDA:0,(anonymous_84)
FNDA:0,(anonymous_85)
FNDA:0,(anonymous_86)
FNDA:0,(anonymous_87)
FNDA:0,(anonymous_88)
FNDA:0,(anonymous_89)
FNDA:0,(anonymous_90)
FNDA:0,(anonymous_91)
FNDA:0,(anonymous_92)
FNDA:0,(anonymous_93)
FNDA:0,(anonymous_94)
FNDA:0,(anonymous_95)
FNDA:0,(anonymous_96)
FNDA:0,(anonymous_97)
FNDA:0,(anonymous_98)
FNDA:0,(anonymous_99)
FNDA:0,(anonymous_100)
FNDA:0,(anonymous_101)
FNDA:0,(anonymous_102)
FNDA:0,(anonymous_103)
FNDA:0,(anonymous_104)
FNDA:0,(anonymous_105)
FNDA:0,(anonymous_106)
DA:15,11
DA:23,0
DA:25,0
DA:26,0
DA:29,0
DA:30,0
DA:32,0
DA:49,6
DA:51,6
DA:52,2
DA:55,4
DA:58,4
DA:59,2
DA:63,2
DA:64,0
DA:68,2
DA:69,1
DA:73,1
DA:74,1
DA:75,0
DA:78,1
DA:79,1
DA:80,0
DA:83,1
DA:87,1
DA:88,0
DA:92,1
DA:93,0
DA:96,1
DA:98,0
DA:99,0
DA:109,0
DA:110,0
DA:113,0
DA:114,0
DA:117,0
DA:118,0
DA:120,0
DA:121,0
DA:122,0
DA:124,0
DA:139,0
DA:140,0
DA:143,0
DA:144,0
DA:145,0
DA:146,0
DA:148,0
DA:158,0
DA:159,0
DA:160,0
DA:162,0
DA:163,0
DA:164,0
DA:165,0
DA:167,0
DA:177,0
DA:178,0
DA:180,0
DA:181,0
DA:182,0
DA:183,0
DA:186,0
DA:192,0
DA:195,0
DA:196,0
DA:198,0
DA:201,0
DA:202,0
DA:218,0
DA:222,0
DA:226,0
DA:229,0
DA:230,0
DA:231,0
DA:233,0
DA:236,0
DA:245,0
DA:253,0
DA:254,0
DA:256,0
DA:267,0
DA:274,0
DA:275,0
DA:277,0
DA:288,0
DA:291,0
DA:306,0
DA:316,0
DA:319,0
DA:320,0
DA:323,0
DA:324,0
DA:328,0
DA:337,0
DA:340,0
DA:341,0
DA:346,0
DA:347,0
DA:348,0
DA:349,0
DA:351,0
DA:360,5
DA:362,5
DA:363,5
DA:365,5
DA:366,5
DA:368,5
DA:369,2
DA:370,1
DA:371,1
DA:373,1
DA:377,3
DA:378,1
DA:381,2
DA:384,2
DA:393,0
DA:394,0
DA:396,0
DA:397,0
DA:398,0
DA:402,0
DA:411,0
DA:414,0
DA:420,0
DA:426,0
DA:433,0
DA:434,0
DA:435,0
DA:436,0
DA:437,0
DA:442,0
DA:443,0
DA:444,0
DA:445,0
DA:446,0
DA:452,0
DA:453,0
DA:454,0
DA:457,0
DA:458,0
DA:459,0
DA:462,0
DA:472,1
DA:473,1
DA:474,1
DA:477,1
DA:483,0
DA:484,0
DA:485,0
DA:486,0
DA:487,0
DA:495,0
DA:498,0
DA:499,0
DA:500,0
DA:503,0
DA:506,0
DA:509,0
DA:512,0
DA:515,0
DA:524,0
DA:525,0
DA:526,0
DA:528,0
DA:529,0
DA:530,0
DA:541,0
DA:542,0
DA:543,0
DA:544,0
DA:548,0
DA:549,0
DA:559,0
DA:560,0
DA:562,0
DA:563,0
DA:564,0
DA:567,0
DA:568,0
DA:569,0
DA:572,0
DA:573,0
DA:577,0
DA:578,0
DA:579,0
DA:580,0
DA:581,0
DA:585,0
DA:592,0
DA:595,0
DA:596,0
DA:597,0
DA:600,0
DA:601,0
DA:602,0
DA:605,0
DA:606,0
DA:607,0
DA:610,0
DA:611,0
DA:612,0
DA:615,0
DA:616,0
DA:617,0
DA:620,0
DA:623,0
DA:624,0
DA:627,0
DA:628,0
DA:629,0
DA:631,0
DA:632,0
DA:642,0
DA:643,0
DA:646,0
DA:649,0
DA:652,0
DA:655,0
DA:657,0
DA:664,0
DA:665,0
DA:668,0
DA:671,0
DA:674,0
DA:677,0
DA:679,0
DA:687,0
DA:690,0
DA:693,0
DA:696,0
DA:703,0
DA:704,0
DA:707,0
DA:710,0
DA:711,0
DA:713,0
DA:722,0
DA:723,0
DA:727,0
DA:728,0
DA:730,0
DA:731,0
DA:733,0
DA:734,0
DA:736,0
DA:747,0
DA:748,0
DA:752,0
DA:753,0
DA:754,0
DA:755,0
DA:759,0
DA:760,0
DA:761,0
DA:763,0
DA:764,0
DA:774,0
DA:775,0
DA:776,0
DA:785,0
DA:787,0
DA:789,0
DA:790,0
DA:791,0
DA:795,0
DA:798,0
DA:799,0
DA:803,0
DA:806,0
DA:809,0
DA:815,0
DA:817,0
DA:818,0
DA:819,0
DA:820,0
DA:823,0
DA:831,0
DA:834,0
DA:835,0
DA:838,0
DA:839,0
DA:848,0
DA:849,0
DA:850,0
DA:864,0
DA:866,0
DA:873,0
DA:874,0
DA:875,0
DA:883,0
DA:884,0
DA:885,0
DA:895,0
DA:896,0
DA:897,0
DA:913,0
DA:921,0
DA:930,0
DA:931,0
DA:946,0
DA:948,0
DA:951,0
DA:952,0
DA:953,0
DA:963,0
DA:964,0
DA:965,0
DA:966,0
DA:968,0
DA:969,0
DA:970,0
DA:971,0
DA:972,0
DA:974,0
DA:983,0
DA:984,0
DA:985,0
DA:987,0
DA:995,0
DA:996,0
DA:999,0
DA:1000,0
DA:1001,0
DA:1003,0
DA:1004,0
DA:1006,0
DA:1009,0
DA:1012,0
DA:1014,0
DA:1023,0
DA:1024,0
DA:1027,0
DA:1028,0
DA:1032,0
DA:1035,0
DA:1037,0
DA:1040,0
DA:1041,0
DA:1050,0
DA:1051,0
DA:1052,0
DA:1053,0
DA:1056,0
DA:1058,0
DA:1059,0
DA:1061,0
DA:1062,0
DA:1064,0
DA:1065,0
DA:1067,0
DA:1072,0
DA:1073,0
DA:1083,0
DA:1084,0
DA:1085,0
DA:1086,0
DA:1095,0
DA:1096,0
DA:1099,0
DA:1108,0
DA:1109,0
DA:1112,0
DA:1114,0
DA:1126,0
DA:1127,0
DA:1131,0
DA:1132,0
DA:1133,0
DA:1136,0
DA:1139,0
DA:1140,0
DA:1143,0
DA:1146,0
DA:1147,0
DA:1148,0
DA:1149,0
DA:1151,0
DA:1152,0
DA:1155,0
DA:1158,0
DA:1161,0
DA:1163,0
DA:1171,0
DA:1172,0
DA:1175,0
DA:1176,0
DA:1177,0
DA:1178,0
DA:1179,0
DA:1182,0
DA:1183,0
DA:1184,0
DA:1185,0
DA:1186,0
DA:1187,0
DA:1188,0
DA:1189,0
DA:1190,0
DA:1192,0
DA:1196,0
DA:1199,0
DA:1200,0
DA:1203,0
DA:1215,0
DA:1216,0
DA:1220,0
DA:1223,0
DA:1225,0
DA:1226,0
DA:1228,0
DA:1229,0
DA:1230,0
DA:1231,0
DA:1232,0
DA:1238,0
DA:1239,0
DA:1242,0
DA:1243,0
DA:1248,0
DA:1253,0
DA:1254,0
DA:1255,0
DA:1256,0
DA:1257,0
DA:1258,0
DA:1259,0
DA:1273,0
DA:1275,0
DA:1278,0
DA:1279,0
DA:1280,0
DA:1281,0
DA:1283,0
DA:1287,0
DA:1288,0
DA:1292,0
DA:1293,0
DA:1295,0
DA:1300,0
DA:1301,0
DA:1306,0
DA:1307,0
DA:1310,0
DA:1311,0
DA:1312,0
DA:1315,0
DA:1316,0
DA:1317,0
DA:1327,0
DA:1331,0
DA:1338,0
DA:1339,0
DA:1343,0
DA:1344,0
DA:1345,0
DA:1346,0
DA:1349,0
DA:1351,0
DA:1352,0
DA:1353,0
DA:1356,0
DA:1357,0
DA:1358,0
DA:1359,0
DA:1360,0
DA:1363,0
DA:1366,0
DA:1369,0
DA:1370,0
DA:1378,0
DA:1379,0
DA:1380,0
DA:1382,0
DA:1383,0
DA:1384,0
DA:1385,0
DA:1386,0
DA:1393,0
DA:1394,0
DA:1397,0
DA:1398,0
DA:1403,0
DA:1404,0
DA:1405,0
DA:1406,0
DA:1411,0
DA:1412,0
DA:1413,0
DA:1420,0
DA:1421,0
DA:1424,0
DA:1426,0
DA:1427,0
DA:1428,0
DA:1429,0
DA:1430,0
DA:1433,0
DA:1434,0
DA:1437,0
DA:1438,0
DA:1440,0
DA:1443,0
DA:1451,0
DA:1452,0
DA:1453,0
DA:1454,0
DA:1456,0
DA:1457,0
DA:1458,0
DA:1461,0
DA:1462,0
DA:1465,0
DA:1475,0
DA:1476,0
DA:1479,0
DA:1480,0
DA:1481,0
DA:1483,0
DA:1484,0
DA:1488,0
DA:1489,0
DA:1490,0
DA:1493,0
DA:1496,0
DA:1497,0
DA:1498,0
DA:1499,0
DA:1501,0
DA:1502,0
DA:1503,0
DA:1504,0
DA:1513,0
DA:1514,0
DA:1517,0
DA:1519,0
DA:1520,0
DA:1522,0
DA:1523,0
DA:1524,0
DA:1525,0
DA:1530,0
DA:1538,0
DA:1539,0
DA:1542,0
DA:1543,0
DA:1545,0
DA:1546,0
DA:1549,0
DA:1550,0
DA:1563,0
DA:1564,0
DA:1567,0
DA:1568,0
DA:1570,0
DA:1571,0
DA:1579,0
DA:1580,0
DA:1584,0
DA:1585,0
DA:1586,0
DA:1587,0
DA:1588,0
DA:1592,0
DA:1832,0
DA:1840,0
DA:1848,0
DA:1856,0
DA:1864,0
DA:1867,0
DA:1868,0
DA:1872,0
DA:1873,0
DA:1874,0
DA:1877,0
DA:1878,0
DA:1879,0
DA:1880,0
DA:1882,0
DA:1892,0
DA:1893,0
DA:1894,0
DA:1895,0
DA:1898,0
DA:1905,0
DA:1912,0
DA:1913,0
DA:1915,0
DA:1916,0
DA:1919,0
DA:1930,0
DA:1931,0
DA:1935,0
DA:1936,0
DA:1937,0
DA:1938,0
DA:1942,0
DA:1943,0
DA:1944,0
DA:1953,0
DA:1954,0
DA:1958,0
DA:1961,0
DA:1970,0
DA:1971,0
DA:1974,0
DA:1976,0
DA:1977,0
DA:1978,0
DA:1979,0
DA:1982,0
DA:1983,0
DA:1986,0
DA:1988,0
DA:1996,0
DA:1997,0
DA:1999,0
DA:2002,0
DA:2005,0
DA:2016,0
DA:2017,0
DA:2021,0
DA:2022,0
DA:2026,0
DA:2037,0
DA:2038,0
DA:2042,0
DA:2043,0
DA:2047,0
DA:2048,0
DA:2052,0
DA:2053,0
DA:2056,0
DA:2065,0
DA:2068,0
DA:2069,0
DA:2072,0
DA:2073,0
DA:2074,0
DA:2077,0
DA:2086,0
DA:2089,0
DA:2096,0
DA:2099,0
DA:2102,0
DA:2103,0
DA:2114,0
DA:2115,0
DA:2119,0
DA:2120,0
DA:2124,0
DA:2125,0
DA:2128,0
DA:2136,0
DA:2137,0
DA:2138,0
DA:2141,0
DA:2143,0
DA:2144,0
DA:2146,0
DA:2147,0
DA:2149,0
DA:2158,0
DA:2159,0
DA:2160,0
DA:2163,0
DA:2166,0
DA:2169,0
DA:2172,0
DA:2174,0
DA:2177,0
DA:2178,0
DA:2187,0
DA:2188,0
DA:2189,0
DA:2192,0
DA:2193,0
DA:2196,0
DA:2199,0
DA:2200,0
DA:2204,0
DA:2205,0
DA:2209,0
DA:2212,0
DA:2214,0
DA:2215,0
DA:2218,0
DA:2219,0
DA:2231,0
DA:2232,0
DA:2233,0
DA:2237,0
DA:2238,0
DA:2239,0
DA:2241,0
DA:2242,0
DA:2244,0
DA:2248,0
DA:2249,0
DA:2250,0
DA:2251,0
DA:2252,0
DA:2255,0
DA:2263,0
DA:2266,0
DA:2269,0
DA:2277,0
DA:2278,0
DA:2279,0
DA:2283,0
DA:2284,0
DA:2288,0
DA:2302,0
DA:2306,0
DA:2314,0
DA:2316,0
DA:2317,0
DA:2320,0
DA:2330,0
DA:2338,0
DA:2340,0
DA:2343,0
DA:2346,0
DA:2348,0
DA:2357,0
DA:2365,0
DA:2366,0
DA:2367,0
DA:2368,0
DA:2377,0
DA:2385,0
DA:2386,0
DA:2388,0
DA:2391,0
DA:2392,0
DA:2396,0
DA:2397,0
DA:2398,0
DA:2400,0
DA:2407,1
DA:2408,0
DA:2409,0
DA:2411,0
DA:2416,1
DA:2417,1
LF:745
LH:39
BRDA:25,0,0,0
BRDA:25,0,1,0
BRDA:36,1,0,0
BRDA:36,1,1,0
BRDA:51,2,0,2
BRDA:51,2,1,4
BRDA:51,3,0,6
BRDA:51,3,1,5
BRDA:58,4,0,2
BRDA:58,4,1,2
BRDA:63,5,0,0
BRDA:63,5,1,2
BRDA:68,6,0,1
BRDA:68,6,1,1
BRDA:74,7,0,0
BRDA:74,7,1,1
BRDA:79,8,0,0
BRDA:79,8,1,1
BRDA:83,9,0,1
BRDA:83,9,1,0
BRDA:87,10,0,0
BRDA:87,10,1,1
BRDA:92,11,0,0
BRDA:92,11,1,1
BRDA:109,12,0,0
BRDA:109,12,1,0
BRDA:109,13,0,0
BRDA:109,13,1,0
BRDA:139,14,0,0
BRDA:139,14,1,0
BRDA:139,15,0,0
BRDA:139,15,1,0
BRDA:162,16,0,0
BRDA:162,17,0,0
BRDA:163,18,0,0
BRDA:163,18,1,0
BRDA:165,19,0,0
BRDA:165,19,1,0
BRDA:180,20,0,0
BRDA:180,20,1,0
BRDA:201,21,0,0
BRDA:201,21,1,0
BRDA:230,22,0,0
BRDA:230,22,1,0
BRDA:256,23,0,0
BRDA:256,23,1,0
BRDA:256,23,2,0
BRDA:277,24,0,0
BRDA:277,24,1,0
BRDA:277,24,2,0
BRDA:306,25,0,0
BRDA:306,25,1,0
BRDA:323,26,0,0
BRDA:323,26,1,0
BRDA:340,27,0,0
BRDA:340,27,1,0
BRDA:340,28,0,0
BRDA:340,28,1,0
BRDA:340,28,2,0
BRDA:340,28,3,0
BRDA:346,29,0,0
BRDA:346,29,1,0
BRDA:346,30,0,0
BRDA:346,30,1,0
BRDA:347,31,0,0
BRDA:347,31,1,0
BRDA:347,32,0,0
BRDA:347,32,1,0
BRDA:348,33,0,0
BRDA:348,33,1,0
BRDA:348,34,0,0
BRDA:348,34,1,0
BRDA:349,35,0,0
BRDA:349,35,1,0
BRDA:349,36,0,0
BRDA:349,36,1,0
BRDA:360,37,0,0
BRDA:360,37,1,5
BRDA:366,38,0,7
BRDA:366,38,1,5
BRDA:368,39,0,2
BRDA:368,39,1,3
BRDA:369,40,0,1
BRDA:369,40,1,1
BRDA:370,41,0,1
BRDA:370,41,1,0
BRDA:377,42,0,1
BRDA:377,42,1,2
BRDA:397,43,0,0
BRDA:397,43,1,0
BRDA:435,44,0,0
BRDA:435,44,1,0
BRDA:435,45,0,0
BRDA:435,45,1,0
BRDA:435,45,2,0
BRDA:442,46,0,0
BRDA:442,46,1,0
BRDA:445,47,0,0
BRDA:445,47,1,0
BRDA:445,48,0,0
BRDA:445,48,1,0
BRDA:445,48,2,0
BRDA:445,48,3,0
BRDA:453,49,0,0
BRDA:453,49,1,0
BRDA:453,50,0,0
BRDA:453,50,1,0
BRDA:457,51,0,0
BRDA:457,51,1,0
BRDA:457,52,0,0
BRDA:457,52,1,0
BRDA:459,53,0,0
BRDA:459,53,1,0
BRDA:483,54,0,0
BRDA:483,54,1,0
BRDA:525,55,0,0
BRDA:525,55,1,0
BRDA:525,56,0,0
BRDA:525,56,1,0
BRDA:528,57,0,0
BRDA:528,57,1,0
BRDA:542,58,0,0
BRDA:542,58,1,0
BRDA:542,59,0,0
BRDA:542,59,1,0
BRDA:560,60,0,0
BRDA:560,60,1,0
BRDA:560,60,2,0
BRDA:560,60,3,0
BRDA:560,60,4,0
BRDA:560,60,5,0
BRDA:560,60,6,0
BRDA:560,60,7,0
BRDA:560,60,8,0
BRDA:560,60,9,0
BRDA:577,61,0,0
BRDA:577,61,1,0
BRDA:577,62,0,0
BRDA:577,62,1,0
BRDA:579,63,0,0
BRDA:579,63,1,0
BRDA:586,64,0,0
BRDA:586,64,1,0
BRDA:587,65,0,0
BRDA:587,65,1,0
BRDA:587,66,0,0
BRDA:587,66,1,0
BRDA:589,67,0,0
BRDA:589,67,1,0
BRDA:590,68,0,0
BRDA:590,68,1,0
BRDA:627,69,0,0
BRDA:627,69,1,0
BRDA:627,70,0,0
BRDA:627,70,1,0
BRDA:642,71,0,0
BRDA:642,71,1,0
BRDA:664,72,0,0
BRDA:664,72,1,0
BRDA:703,73,0,0
BRDA:703,73,1,0
BRDA:710,74,0,0
BRDA:710,74,1,0
BRDA:710,75,0,0
BRDA:710,75,1,0
BRDA:722,76,0,0
BRDA:722,76,1,0
BRDA:730,77,0,0
BRDA:730,77,1,0
BRDA:733,78,0,0
BRDA:733,78,1,0
BRDA:747,79,0,0
BRDA:747,79,1,0
BRDA:752,80,0,0
BRDA:752,80,1,0
BRDA:759,81,0,0
BRDA:759,81,1,0
BRDA:759,82,0,0
BRDA:759,82,1,0
BRDA:763,83,0,0
BRDA:763,83,1,0
BRDA:774,84,0,0
BRDA:774,84,1,0
BRDA:789,85,0,0
BRDA:789,85,1,0
BRDA:798,86,0,0
BRDA:798,86,1,0
BRDA:817,87,0,0
BRDA:817,87,1,0
BRDA:838,88,0,0
BRDA:838,88,1,0
BRDA:874,89,0,0
BRDA:874,89,1,0
BRDA:884,90,0,0
BRDA:884,90,1,0
BRDA:896,91,0,0
BRDA:896,91,1,0
BRDA:897,92,0,0
BRDA:897,92,1,0
BRDA:929,93,0,0
BRDA:942,94,0,0
BRDA:942,94,1,0
BRDA:943,95,0,0
BRDA:943,95,1,0
BRDA:952,96,0,0
BRDA:952,96,1,0
BRDA:963,97,0,0
BRDA:963,97,1,0
BRDA:963,98,0,0
BRDA:963,98,1,0
BRDA:966,99,0,0
BRDA:966,99,1,0
BRDA:966,100,0,0
BRDA:966,100,1,0
BRDA:983,101,0,0
BRDA:983,101,1,0
BRDA:983,102,0,0
BRDA:983,102,1,0
BRDA:995,103,0,0
BRDA:995,103,1,0
BRDA:999,104,0,0
BRDA:999,104,1,0
BRDA:999,105,0,0
BRDA:999,105,1,0
BRDA:1003,106,0,0
BRDA:1003,106,1,0
BRDA:1027,107,0,0
BRDA:1027,107,1,0
BRDA:1051,108,0,0
BRDA:1051,108,1,0
BRDA:1051,109,0,0
BRDA:1051,109,1,0
BRDA:1058,110,0,0
BRDA:1058,110,1,0
BRDA:1064,111,0,0
BRDA:1064,111,1,0
BRDA:1095,112,0,0
BRDA:1095,112,1,0
BRDA:1126,113,0,0
BRDA:1126,113,1,0
BRDA:1182,114,0,0
BRDA:1182,114,1,0
BRDA:1185,115,0,0
BRDA:1185,115,1,0
BRDA:1188,116,0,0
BRDA:1188,116,1,0
BRDA:1199,117,0,0
BRDA:1199,117,1,0
BRDA:1216,118,0,0
BRDA:1216,118,1,0
BRDA:1226,119,0,0
BRDA:1226,119,1,0
BRDA:1228,120,0,0
BRDA:1228,120,1,0
BRDA:1230,121,0,0
BRDA:1230,121,1,0
BRDA:1230,122,0,0
BRDA:1230,122,1,0
BRDA:1238,123,0,0
BRDA:1238,123,1,0
BRDA:1242,124,0,0
BRDA:1242,124,1,0
BRDA:1254,125,0,0
BRDA:1254,125,1,0
BRDA:1254,126,0,0
BRDA:1254,126,1,0
BRDA:1256,127,0,0
BRDA:1256,127,1,0
BRDA:1258,128,0,0
BRDA:1258,128,1,0
BRDA:1275,129,0,0
BRDA:1275,129,1,0
BRDA:1275,129,2,0
BRDA:1275,129,3,0
BRDA:1275,129,4,0
BRDA:1275,129,5,0
BRDA:1275,129,6,0
BRDA:1275,129,7,0
BRDA:1275,129,8,0
BRDA:1279,130,0,0
BRDA:1279,130,1,0
BRDA:1279,131,0,0
BRDA:1279,131,1,0
BRDA:1292,132,0,0
BRDA:1292,132,1,0
BRDA:1338,133,0,0
BRDA:1338,133,1,0
BRDA:1338,134,0,0
BRDA:1338,134,1,0
BRDA:1344,135,0,0
BRDA:1344,135,1,0
BRDA:1352,136,0,0
BRDA:1352,136,1,0
BRDA:1353,137,0,0
BRDA:1353,137,1,0
BRDA:1379,138,0,0
BRDA:1379,138,1,0
BRDA:1380,139,0,0
BRDA:1380,139,1,0
BRDA:1393,140,0,0
BRDA:1393,140,1,0
BRDA:1405,141,0,0
BRDA:1405,141,1,0
BRDA:1405,142,0,0
BRDA:1405,142,1,0
BRDA:1420,143,0,0
BRDA:1420,143,1,0
BRDA:1451,144,0,0
BRDA:1451,144,1,0
BRDA:1451,145,0,0
BRDA:1451,145,1,0
BRDA:1451,145,2,0
BRDA:1456,146,0,0
BRDA:1456,146,1,0
BRDA:1475,147,0,0
BRDA:1475,147,1,0
BRDA:1483,148,0,0
BRDA:1483,148,1,0
BRDA:1483,149,0,0
BRDA:1483,149,1,0
BRDA:1488,150,0,0
BRDA:1488,150,1,0
BRDA:1497,151,0,0
BRDA:1497,151,1,0
BRDA:1513,152,0,0
BRDA:1513,152,1,0
BRDA:1522,153,0,0
BRDA:1522,153,1,0
BRDA:1524,154,0,0
BRDA:1524,154,1,0
BRDA:1538,155,0,0
BRDA:1538,155,1,0
BRDA:1545,156,0,0
BRDA:1545,156,1,0
BRDA:1549,157,0,0
BRDA:1549,157,1,0
BRDA:1563,158,0,0
BRDA:1563,158,1,0
BRDA:1570,159,0,0
BRDA:1570,159,1,0
BRDA:1579,160,0,0
BRDA:1579,160,1,0
BRDA:1585,161,0,0
BRDA:1585,161,1,0
BRDA:1856,162,0,0
BRDA:1856,162,1,0
BRDA:1867,163,0,0
BRDA:1867,163,1,0
BRDA:1867,164,0,0
BRDA:1867,164,1,0
BRDA:1873,165,0,0
BRDA:1873,165,1,0
BRDA:1873,166,0,0
BRDA:1873,166,1,0
BRDA:1930,167,0,0
BRDA:1930,167,1,0
BRDA:1930,168,0,0
BRDA:1930,168,1,0
BRDA:1935,169,0,0
BRDA:1935,169,1,0
BRDA:1942,170,0,0
BRDA:1942,170,1,0
BRDA:1953,171,0,0
BRDA:1953,171,1,0
BRDA:1953,172,0,0
BRDA:1953,172,1,0
BRDA:1970,173,0,0
BRDA:1970,173,1,0
BRDA:1978,174,0,0
BRDA:1978,174,1,0
BRDA:1982,175,0,0
BRDA:1982,175,1,0
BRDA:1996,176,0,0
BRDA:1996,176,1,0
BRDA:2016,177,0,0
BRDA:2016,177,1,0
BRDA:2016,178,0,0
BRDA:2016,178,1,0
BRDA:2021,179,0,0
BRDA:2021,179,1,0
BRDA:2037,180,0,0
BRDA:2037,180,1,0
BRDA:2037,181,0,0
BRDA:2037,181,1,0
BRDA:2037,181,2,0
BRDA:2037,181,3,0
BRDA:2042,182,0,0
BRDA:2042,182,1,0
BRDA:2042,183,0,0
BRDA:2042,183,1,0
BRDA:2042,183,2,0
BRDA:2042,183,3,0
BRDA:2047,184,0,0
BRDA:2047,184,1,0
BRDA:2047,185,0,0
BRDA:2047,185,1,0
BRDA:2052,186,0,0
BRDA:2052,186,1,0
BRDA:2052,187,0,0
BRDA:2052,187,1,0
BRDA:2073,188,0,0
BRDA:2073,188,1,0
BRDA:2114,189,0,0
BRDA:2114,189,1,0
BRDA:2114,190,0,0
BRDA:2114,190,1,0
BRDA:2114,190,2,0
BRDA:2114,190,3,0
BRDA:2119,191,0,0
BRDA:2119,191,1,0
BRDA:2119,192,0,0
BRDA:2119,192,1,0
BRDA:2119,192,2,0
BRDA:2119,192,3,0
BRDA:2124,193,0,0
BRDA:2124,193,1,0
BRDA:2124,194,0,0
BRDA:2124,194,1,0
BRDA:2124,194,2,0
BRDA:2124,194,3,0
BRDA:2137,195,0,0
BRDA:2137,195,1,0
BRDA:2141,196,0,0
BRDA:2141,196,1,0
BRDA:2141,197,0,0
BRDA:2141,197,1,0
BRDA:2144,198,0,0
BRDA:2144,198,1,0
BRDA:2144,199,0,0
BRDA:2144,199,1,0
BRDA:2147,200,0,0
BRDA:2147,200,1,0
BRDA:2159,201,0,0
BRDA:2159,201,1,0
BRDA:2159,202,0,0
BRDA:2159,202,1,0
BRDA:2177,203,0,0
BRDA:2177,203,1,0
BRDA:2188,204,0,0
BRDA:2188,204,1,0
BRDA:2188,205,0,0
BRDA:2188,205,1,0
BRDA:2199,206,0,0
BRDA:2199,206,1,0
BRDA:2218,207,0,0
BRDA:2218,207,1,0
BRDA:2232,208,0,0
BRDA:2232,208,1,0
BRDA:2238,209,0,0
BRDA:2238,209,1,0
BRDA:2241,210,0,0
BRDA:2241,210,1,0
BRDA:2241,211,0,0
BRDA:2241,211,1,0
BRDA:2251,212,0,0
BRDA:2251,212,1,0
BRDA:2278,213,0,0
BRDA:2278,213,1,0
BRDA:2283,214,0,0
BRDA:2283,214,1,0
BRDA:2314,215,0,0
BRDA:2314,215,1,0
BRDA:2314,215,2,0
BRDA:2314,215,3,0
BRDA:2314,215,4,0
BRDA:2314,215,5,0
BRDA:2314,215,6,0
BRDA:2314,215,7,0
BRDA:2314,215,8,0
BRDA:2314,215,9,0
BRDA:2338,216,0,0
BRDA:2338,216,1,0
BRDA:2366,217,0,0
BRDA:2366,217,1,0
BRDA:2366,218,0,0
BRDA:2366,218,1,0
BRDA:2366,218,2,0
BRDA:2377,219,0,0
BRDA:2377,219,1,0
BRDA:2391,220,0,0
BRDA:2391,220,1,0
BRDA:2407,221,0,0
BRDA:2407,221,1,1
BRDA:2407,222,0,1
BRDA:2407,222,1,1
BRDA:2407,222,2,1
BRDA:2408,223,0,0
BRDA:2408,223,1,0
BRDA:2416,224,0,1
BRDA:2416,224,1,0
BRDA:2416,225,0,1
BRDA:2416,225,1,1
BRF:492
BRH:31
end_of_record
TN:
SF:src/content/hints-ui.js
FN:6,(anonymous_0)
FN:18,(anonymous_1)
FN:30,(anonymous_2)
FN:53,(anonymous_3)
FN:132,(anonymous_4)
FN:169,(anonymous_5)
FN:230,(anonymous_6)
FN:235,(anonymous_7)
FN:252,(anonymous_8)
FN:268,(anonymous_9)
FN:277,(anonymous_10)
FN:328,(anonymous_11)
FN:339,(anonymous_12)
FN:356,(anonymous_13)
FN:370,(anonymous_14)
FN:375,(anonymous_15)
FN:385,(anonymous_16)
FN:431,(anonymous_17)
FN:465,(anonymous_18)
FN:488,(anonymous_19)
FN:498,(anonymous_20)
FN:519,(anonymous_21)
FN:531,(anonymous_22)
FN:539,(anonymous_23)
FN:550,(anonymous_24)
FN:579,(anonymous_25)
FN:606,(anonymous_26)
FN:611,(anonymous_27)
FNF:28
FNH:0
FNDA:0,(anonymous_0)
FNDA:0,(anonymous_1)
FNDA:0,(anonymous_2)
FNDA:0,(anonymous_3)
FNDA:0,(anonymous_4)
FNDA:0,(anonymous_5)
FNDA:0,(anonymous_6)
FNDA:0,(anonymous_7)
FNDA:0,(anonymous_8)
FNDA:0,(anonymous_9)
FNDA:0,(anonymous_10)
FNDA:0,(anonymous_11)
FNDA:0,(anonymous_12)
FNDA:0,(anonymous_13)
FNDA:0,(anonymous_14)
FNDA:0,(anonymous_15)
FNDA:0,(anonymous_16)
FNDA:0,(anonymous_17)
FNDA:0,(anonymous_18)
FNDA:0,(anonymous_19)
FNDA:0,(anonymous_20)
FNDA:0,(anonymous_21)
FNDA:0,(anonymous_22)
FNDA:0,(anonymous_23)
FNDA:0,(anonymous_24)
FNDA:0,(anonymous_25)
FNDA:0,(anonymous_26)
FNDA:0,(anonymous_27)
DA:7,0
DA:8,0
DA:9,0
DA:10,0
DA:11,0
DA:19,0
DA:20,0
DA:21,0
DA:23,0
DA:32,0
DA:33,0
DA:37,0
DA:38,0
DA:39,0
DA:42,0
DA:43,0
DA:45,0
DA:46,0
DA:47,0
DA:49,0
DA:50,0
DA:51,0
DA:52,0
DA:53,0
DA:55,0
DA:56,0
DA:59,0
DA:60,0
DA:63,0
DA:64,0
DA:66,0
DA:67,0
DA:68,0
DA:70,0
DA:71,0
DA:72,0
DA:73,0
DA:75,0
DA:76,0
DA:79,0
DA:80,0
DA:82,0
DA:83,0
DA:84,0
DA:86,0
DA:87,0
DA:88,0
DA:89,0
DA:91,0
DA:92,0
DA:95,0
DA:96,0
DA:98,0
DA:99,0
DA:100,0
DA:102,0
DA:103,0
DA:104,0
DA:105,0
DA:107,0
DA:108,0
DA:110,0
DA:111,0
DA:112,0
DA:115,0
DA:116,0
DA:118,0
DA:119,0
DA:120,0
DA:122,0
DA:123,0
DA:126,0
DA:132,0
DA:133,0
DA:134,0
DA:136,0
DA:137,0
DA:138,0
DA:140,0
DA:141,0
DA:142,0
DA:144,0
DA:145,0
DA:146,0
DA:149,0
DA:150,0
DA:153,0
DA:154,0
DA:155,0
DA:158,0
DA:161,0
DA:163,0
DA:170,0
DA:173,0
DA:191,0
DA:192,0
DA:193,0
DA:205,0
DA:206,0
DA:207,0
DA:215,0
DA:216,0
DA:217,0
DA:230,0
DA:231,0
DA:232,0
DA:235,0
DA:236,0
DA:237,0
DA:242,0
DA:243,0
DA:244,0
DA:251,0
DA:252,0
DA:253,0
DA:261,0
DA:262,0
DA:267,0
DA:268,0
DA:269,0
DA:276,0
DA:277,0
DA:278,0
DA:286,0
DA:287,0
DA:288,0
DA:292,0
DA:293,0
DA:294,0
DA:298,0
DA:299,0
DA:300,0
DA:306,0
DA:307,0
DA:308,0
DA:317,0
DA:318,0
DA:319,0
DA:327,0
DA:328,0
DA:329,0
DA:338,0
DA:339,0
DA:340,0
DA:355,0
DA:356,0
DA:357,0
DA:371,0
DA:372,0
DA:375,0
DA:376,0
DA:379,0
DA:386,0
DA:387,0
DA:390,0
DA:393,0
DA:394,0
DA:395,0
DA:398,0
DA:402,0
DA:403,0
DA:404,0
DA:407,0
DA:408,0
DA:409,0
DA:410,0
DA:412,0
DA:415,0
DA:419,0
DA:420,0
DA:421,0
DA:422,0
DA:423,0
DA:432,0
DA:435,0
DA:438,0
DA:441,0
DA:444,0
DA:445,0
DA:446,0
DA:447,0
DA:458,0
DA:466,0
DA:467,0
DA:470,0
DA:471,0
DA:472,0
DA:473,0
DA:476,0
DA:479,0
DA:481,0
DA:489,0
DA:490,0
DA:493,0
DA:494,0
DA:495,0
DA:498,0
DA:499,0
DA:500,0
DA:505,0
DA:506,0
DA:507,0
DA:511,0
DA:513,0
DA:520,0
DA:521,0
DA:523,0
DA:532,0
DA:540,0
DA:542,0
DA:543,0
DA:552,0
DA:553,0
DA:554,0
DA:558,0
DA:559,0
DA:563,0
DA:564,0
DA:565,0
DA:569,0
DA:570,0
DA:571,0
DA:573,0
DA:580,0
DA:582,0
DA:583,0
DA:584,0
DA:587,0
DA:588,0
DA:589,0
DA:590,0
DA:593,0
DA:594,0
DA:595,0
DA:598,0
DA:610,0
DA:611,0
DA:612,0
DA:615,0
DA:621,0
DA:622,0
LF:241
LH:0
BRDA:32,0,0,0
BRDA:32,0,1,0
BRDA:170,1,0,0
BRDA:170,1,1,0
BRDA:192,2,0,0
BRDA:192,2,1,0
BRDA:206,3,0,0
BRDA:206,3,1,0
BRDA:216,4,0,0
BRDA:216,4,1,0
BRDA:243,5,0,0
BRDA:243,5,1,0
BRDA:261,6,0,0
BRDA:261,6,1,0
BRDA:287,7,0,0
BRDA:287,7,1,0
BRDA:293,8,0,0
BRDA:293,8,1,0
BRDA:299,9,0,0
BRDA:299,9,1,0
BRDA:307,10,0,0
BRDA:307,10,1,0
BRDA:318,11,0,0
BRDA:318,11,1,0
BRDA:371,12,0,0
BRDA:371,12,1,0
BRDA:386,13,0,0
BRDA:386,13,1,0
BRDA:386,14,0,0
BRDA:386,14,1,0
BRDA:386,14,2,0
BRDA:394,15,0,0
BRDA:394,15,1,0
BRDA:403,16,0,0
BRDA:403,16,1,0
BRDA:407,17,0,0
BRDA:407,17,1,0
BRDA:409,18,0,0
BRDA:409,18,1,0
BRDA:420,19,0,0
BRDA:420,19,1,0
BRDA:432,20,0,0
BRDA:432,20,1,0
BRDA:444,21,0,0
BRDA:444,21,1,0
BRDA:466,22,0,0
BRDA:466,22,1,0
BRDA:489,23,0,0
BRDA:489,23,1,0
BRDA:499,24,0,0
BRDA:499,24,1,0
BRDA:499,25,0,0
BRDA:499,25,1,0
BRDA:505,26,0,0
BRDA:505,26,1,0
BRDA:520,27,0,0
BRDA:520,27,1,0
BRDA:542,28,0,0
BRDA:542,28,1,0
BRDA:552,29,0,0
BRDA:552,29,1,0
BRDA:558,30,0,0
BRDA:558,30,1,0
BRDA:558,31,0,0
BRDA:558,31,1,0
BRDA:564,32,0,0
BRDA:564,32,1,0
BRDA:564,33,0,0
BRDA:564,33,1,0
BRDA:580,34,0,0
BRDA:580,34,1,0
BRDA:583,35,0,0
BRDA:583,35,1,0
BRDA:588,36,0,0
BRDA:588,36,1,0
BRDA:594,37,0,0
BRDA:594,37,1,0
BRDA:610,38,0,0
BRDA:610,38,1,0
BRDA:610,39,0,0
BRDA:610,39,1,0
BRDA:621,40,0,0
BRDA:621,40,1,0
BRDA:621,41,0,0
BRDA:621,41,1,0
BRF:85
BRH:0
end_of_record
TN:
SF:src/content/metrics-calculator.js
FN:6,(anonymous_0)
FN:15,(anonymous_1)
FN:48,(anonymous_2)
FN:107,(anonymous_3)
FN:141,(anonymous_4)
FN:169,(anonymous_5)
FN:192,(anonymous_6)
FN:207,(anonymous_7)
FN:280,(anonymous_8)
FN:299,(anonymous_9)
FN:306,(anonymous_10)
FN:323,(anonymous_11)
FN:338,(anonymous_12)
FN:368,(anonymous_13)
FN:378,(anonymous_14)
FN:386,(anonymous_15)
FN:407,(anonymous_16)
FN:420,(anonymous_17)
FN:442,(anonymous_18)
FN:461,(anonymous_19)
FN:483,(anonymous_20)
FNF:21
FNH:12
FNDA:10,(anonymous_0)
FNDA:10,(anonymous_1)
FNDA:61,(anonymous_2)
FNDA:5,(anonymous_3)
FNDA:64,(anonymous_4)
FNDA:66,(anonymous_5)
FNDA:61,(anonymous_6)
FNDA:2,(anonymous_7)
FNDA:2,(anonymous_8)
FNDA:2,(anonymous_9)
FNDA:3,(anonymous_10)
FNDA:2,(anonymous_11)
FNDA:0,(anonymous_12)
FNDA:0,(anonymous_13)
FNDA:0,(anonymous_14)
FNDA:0,(anonymous_15)
FNDA:0,(anonymous_16)
FNDA:0,(anonymous_17)
FNDA:0,(anonymous_18)
FNDA:0,(anonymous_19)
FNDA:0,(anonymous_20)
DA:7,10
DA:8,10
DA:16,10
DA:34,10
DA:36,10
DA:37,10
DA:49,61
DA:50,0
DA:51,0
DA:54,61
DA:57,61
DA:66,61
DA:67,61
DA:69,61
DA:70,44
DA:71,44
DA:73,17
DA:74,17
DA:77,17
DA:86,61
DA:89,61
DA:91,61
DA:108,5
DA:109,0
DA:110,0
DA:113,5
DA:116,5
DA:125,5
DA:126,5
DA:128,5
DA:142,64
DA:143,0
DA:146,64
DA:147,64
DA:150,64
DA:151,35
DA:156,29
DA:157,29
DA:159,29
DA:160,29
DA:170,66
DA:171,0
DA:175,66
DA:177,66
DA:178,1
DA:181,65
DA:182,65
DA:184,65
DA:185,65
DA:193,61
DA:194,0
DA:197,61
DA:198,61
DA:199,61
DA:208,2
DA:209,0
DA:213,2
DA:214,2
DA:217,2
DA:218,2
DA:221,2
DA:222,2
DA:225,2
DA:228,2
DA:231,2
DA:266,2
DA:273,2
DA:281,2
DA:282,0
DA:285,2
DA:287,2
DA:288,1
DA:291,1
DA:292,1
DA:300,2
DA:301,0
DA:304,2
DA:306,2
DA:307,3
DA:308,3
DA:313,3
DA:314,3
DA:317,2
DA:324,2
DA:325,0
DA:328,2
DA:329,2
DA:331,2
DA:339,0
DA:340,0
DA:349,0
DA:350,0
DA:352,0
DA:369,0
DA:370,0
DA:371,0
DA:379,0
DA:387,0
DA:388,0
DA:391,0
DA:393,0
DA:394,0
DA:398,0
DA:399,0
DA:401,0
DA:402,0
DA:403,0
DA:404,0
DA:406,0
DA:407,0
DA:408,0
DA:410,0
DA:419,0
DA:420,0
DA:421,0
DA:422,0
DA:423,0
DA:425,0
DA:428,0
DA:443,0
DA:444,0
DA:447,0
DA:448,0
DA:450,0
DA:451,0
DA:454,0
DA:462,0
DA:463,0
DA:466,0
DA:467,0
DA:469,0
DA:470,0
DA:471,0
DA:472,0
DA:476,0
DA:484,0
DA:485,0
DA:488,0
DA:489,0
DA:491,0
DA:492,0
DA:493,0
DA:494,0
DA:498,0
DA:503,1
DA:504,1
LF:146
LH:79
BRDA:48,0,0,61
BRDA:48,1,0,61
BRDA:48,2,0,61
BRDA:49,3,0,0
BRDA:49,3,1,61
BRDA:49,4,0,61
BRDA:49,4,1,61
BRDA:69,5,0,44
BRDA:69,5,1,17
BRDA:107,6,0,5
BRDA:107,7,0,5
BRDA:107,8,0,5
BRDA:108,9,0,0
BRDA:108,9,1,5
BRDA:108,10,0,5
BRDA:108,10,1,5
BRDA:142,11,0,0
BRDA:142,11,1,64
BRDA:142,12,0,64
BRDA:142,12,1,64
BRDA:150,13,0,35
BRDA:150,13,1,29
BRDA:170,14,0,0
BRDA:170,14,1,66
BRDA:170,15,0,66
BRDA:170,15,1,66
BRDA:177,16,0,1
BRDA:177,16,1,65
BRDA:193,17,0,0
BRDA:193,17,1,61
BRDA:193,18,0,61
BRDA:193,18,1,61
BRDA:208,19,0,0
BRDA:208,19,1,2
BRDA:213,20,0,2
BRDA:213,20,1,0
BRDA:221,21,0,1
BRDA:221,21,1,1
BRDA:225,22,0,1
BRDA:225,22,1,1
BRDA:228,23,0,2
BRDA:228,23,1,0
BRDA:281,24,0,0
BRDA:281,24,1,2
BRDA:287,25,0,1
BRDA:287,25,1,1
BRDA:300,26,0,0
BRDA:300,26,1,2
BRDA:300,27,0,2
BRDA:300,27,1,2
BRDA:307,28,0,3
BRDA:307,28,1,0
BRDA:324,29,0,0
BRDA:324,29,1,2
BRDA:324,30,0,2
BRDA:324,30,1,2
BRDA:339,31,0,0
BRDA:339,31,1,0
BRDA:339,32,0,0
BRDA:339,32,1,0
BRDA:387,33,0,0
BRDA:387,33,1,0
BRDA:387,34,0,0
BRDA:387,34,1,0
BRDA:393,35,0,0
BRDA:393,35,1,0
BRDA:406,36,0,0
BRDA:406,36,1,0
BRDA:422,37,0,0
BRDA:422,37,1,0
BRDA:443,38,0,0
BRDA:443,38,1,0
BRDA:443,39,0,0
BRDA:443,39,1,0
BRDA:462,40,0,0
BRDA:462,40,1,0
BRDA:462,41,0,0
BRDA:462,41,1,0
BRDA:471,42,0,0
BRDA:471,42,1,0
BRDA:476,43,0,0
BRDA:476,43,1,0
BRDA:484,44,0,0
BRDA:484,44,1,0
BRDA:484,45,0,0
BRDA:484,45,1,0
BRDA:493,46,0,0
BRDA:493,46,1,0
BRDA:503,47,0,1
BRDA:503,47,1,0
BRDA:503,48,0,1
BRDA:503,48,1,1
BRF:92
BRH:47
end_of_record
TN:
SF:src/content/settings-manager.js
FN:6,(anonymous_0)
FN:27,(anonymous_1)
FN:58,(anonymous_2)
FN:77,(anonymous_3)
FN:87,(anonymous_4)
FN:102,(anonymous_5)
FN:105,(anonymous_6)
FN:123,(anonymous_7)
FN:132,(anonymous_8)
FN:140,(anonymous_9)
FN:148,(anonymous_10)
FN:157,(anonymous_11)
FN:165,(anonymous_12)
FN:176,(anonymous_13)
FN:189,(anonymous_14)
FN:203,(anonymous_15)
FN:212,(anonymous_16)
FN:221,(anonymous_17)
FN:222,(anonymous_18)
FN:245,(anonymous_19)
FN:254,(anonymous_20)
FN:260,(anonymous_21)
FNF:22
FNH:0
FNDA:0,(anonymous_0)
FNDA:0,(anonymous_1)
FNDA:0,(anonymous_2)
FNDA:0,(anonymous_3)
FNDA:0,(anonymous_4)
FNDA:0,(anonymous_5)
FNDA:0,(anonymous_6)
FNDA:0,(anonymous_7)
FNDA:0,(anonymous_8)
FNDA:0,(anonymous_9)
FNDA:0,(anonymous_10)
FNDA:0,(anonymous_11)
FNDA:0,(anonymous_12)
FNDA:0,(anonymous_13)
FNDA:0,(anonymous_14)
FNDA:0,(anonymous_15)
FNDA:0,(anonymous_16)
FNDA:0,(anonymous_17)
FNDA:0,(anonymous_18)
FNDA:0,(anonymous_19)
FNDA:0,(anonymous_20)
FNDA:0,(anonymous_21)
DA:7,0
DA:19,0
DA:20,0
DA:28,0
DA:29,0
DA:31,0
DA:33,0
DA:39,0
DA:42,0
DA:43,0
DA:45,0
DA:47,0
DA:48,0
DA:49,0
DA:50,0
DA:59,0
DA:60,0
DA:64,0
DA:65,0
DA:67,0
DA:68,0
DA:78,0
DA:88,0
DA:89,0
DA:90,0
DA:92,0
DA:93,0
DA:103,0
DA:105,0
DA:106,0
DA:107,0
DA:108,0
DA:112,0
DA:113,0
DA:116,0
DA:124,0
DA:125,0
DA:133,0
DA:141,0
DA:149,0
DA:158,0
DA:166,0
DA:167,0
DA:168,0
DA:169,0
DA:177,0
DA:190,0
DA:192,0
DA:193,0
DA:194,0
DA:196,0
DA:204,0
DA:214,0
DA:215,0
DA:222,0
DA:223,0
DA:224,0
DA:225,0
DA:226,0
DA:230,0
DA:233,0
DA:246,0
DA:255,0
DA:256,0
DA:259,0
DA:260,0
DA:261,0
DA:262,0
DA:266,0
DA:267,0
DA:268,0
DA:270,0
DA:271,0
DA:274,0
DA:275,0
DA:281,0
DA:282,0
LF:77
LH:0
BRDA:31,0,0,0
BRDA:31,0,1,0
BRDA:88,1,0,0
BRDA:88,1,1,0
BRDA:106,2,0,0
BRDA:106,2,1,0
BRDA:112,3,0,0
BRDA:112,3,1,0
BRDA:192,4,0,0
BRDA:192,4,1,0
BRDA:193,5,0,0
BRDA:193,5,1,0
BRDA:194,6,0,0
BRDA:194,6,1,0
BRDA:223,7,0,0
BRDA:223,7,1,0
BRDA:223,8,0,0
BRDA:223,8,1,0
BRDA:225,9,0,0
BRDA:225,9,1,0
BRDA:261,10,0,0
BRDA:261,10,1,0
BRDA:266,11,0,0
BRDA:266,11,1,0
BRDA:281,12,0,0
BRDA:281,12,1,0
BRDA:281,13,0,0
BRDA:281,13,1,0
BRF:28
BRH:0
end_of_record
TN:
SF:src/content/typing-session.js
FN:6,(anonymous_0)
FN:45,(anonymous_1)
FN:135,(anonymous_2)
FN:174,(anonymous_3)
FN:206,(anonymous_4)
FN:252,(anonymous_5)
FN:259,(anonymous_6)
FN:280,(anonymous_7)
FN:287,(anonymous_8)
FN:313,(anonymous_9)
FN:336,(anonymous_10)
FN:349,(anonymous_11)
FN:376,(anonymous_12)
FN:387,(anonymous_13)
FN:405,(anonymous_14)
FN:421,(anonymous_15)
FN:432,(anonymous_16)
FN:442,(anonymous_17)
FN:451,(anonymous_18)
FN:480,(anonymous_19)
FN:503,(anonymous_20)
FN:513,(anonymous_21)
FN:543,(anonymous_22)
FN:600,(anonymous_23)
FN:666,(anonymous_24)
FN:673,(anonymous_25)
FN:684,(anonymous_26)
FN:720,(anonymous_27)
FN:727,(anonymous_28)
FN:737,(anonymous_29)
FN:760,(anonymous_30)
FN:762,(anonymous_31)
FN:789,(anonymous_32)
FN:837,(anonymous_33)
FN:892,(anonymous_34)
FN:915,(anonymous_35)
FN:946,(anonymous_36)
FN:947,(anonymous_37)
FN:951,(anonymous_38)
FN:959,(anonymous_39)
FN:989,(anonymous_40)
FN:990,(anonymous_41)
FN:997,(anonymous_42)
FN:1007,(anonymous_43)
FN:1014,(anonymous_44)
FN:1087,(anonymous_45)
FN:1126,(anonymous_46)
FNF:47
FNH:0
FNDA:0,(anonymous_0)
FNDA:0,(anonymous_1)
FNDA:0,(anonymous_2)
FNDA:0,(anonymous_3)
FNDA:0,(anonymous_4)
FNDA:0,(anonymous_5)
FNDA:0,(anonymous_6)
FNDA:0,(anonymous_7)
FNDA:0,(anonymous_8)
FNDA:0,(anonymous_9)
FNDA:0,(anonymous_10)
FNDA:0,(anonymous_11)
FNDA:0,(anonymous_12)
FNDA:0,(anonymous_13)
FNDA:0,(anonymous_14)
FNDA:0,(anonymous_15)
FNDA:0,(anonymous_16)
FNDA:0,(anonymous_17)
FNDA:0,(anonymous_18)
FNDA:0,(anonymous_19)
FNDA:0,(anonymous_20)
FNDA:0,(anonymous_21)
FNDA:0,(anonymous_22)
FNDA:0,(anonymous_23)
FNDA:0,(anonymous_24)
FNDA:0,(anonymous_25)
FNDA:0,(anonymous_26)
FNDA:0,(anonymous_27)
FNDA:0,(anonymous_28)
FNDA:0,(anonymous_29)
FNDA:0,(anonymous_30)
FNDA:0,(anonymous_31)
FNDA:0,(anonymous_32)
FNDA:0,(anonymous_33)
FNDA:0,(anonymous_34)
FNDA:0,(anonymous_35)
FNDA:0,(anonymous_36)
FNDA:0,(anonymous_37)
FNDA:0,(anonymous_38)
FNDA:0,(anonymous_39)
FNDA:0,(anonymous_40)
FNDA:0,(anonymous_41)
FNDA:0,(anonymous_42)
FNDA:0,(anonymous_43)
FNDA:0,(anonymous_44)
FNDA:0,(anonymous_45)
FNDA:0,(anonymous_46)
DA:7,0
DA:8,0
DA:9,0
DA:10,0
DA:13,0
DA:14,0
DA:15,0
DA:16,0
DA:17,0
DA:18,0
DA:21,0
DA:22,0
DA:23,0
DA:24,0
DA:27,0
DA:28,0
DA:31,0
DA:34,0
DA:35,0
DA:46,0
DA:48,0
DA:49,0
DA:50,0
DA:54,0
DA:55,0
DA:56,0
DA:59,0
DA:62,0
DA:65,0
DA:66,0
DA:67,0
DA:70,0
DA:71,0
DA:74,0
DA:77,0
DA:78,0
DA:81,0
DA:82,0
DA:85,0
DA:88,0
DA:89,0
DA:92,0
DA:95,0
DA:98,0
DA:101,0
DA:104,0
DA:107,0
DA:108,0
DA:111,0
DA:113,0
DA:120,0
DA:123,0
DA:124,0
DA:125,0
DA:126,0
DA:136,0
DA:137,0
DA:138,0
DA:141,0
DA:142,0
DA:145,0
DA:148,0
DA:157,0
DA:160,0
DA:162,0
DA:165,0
DA:166,0
DA:167,0
DA:175,0
DA:176,0
DA:195,0
DA:198,0
DA:199,0
DA:207,0
DA:208,0
DA:209,0
DA:212,0
DA:214,0
DA:215,0
DA:216,0
DA:220,0
DA:221,0
DA:228,0
DA:229,0
DA:233,0
DA:235,0
DA:236,0
DA:242,0
DA:245,0
DA:253,0
DA:254,0
DA:257,0
DA:259,0
DA:260,0
DA:264,0
DA:272,0
DA:281,0
DA:282,0
DA:285,0
DA:287,0
DA:288,0
DA:291,0
DA:292,0
DA:295,0
DA:297,0
DA:299,0
DA:304,0
DA:314,0
DA:315,0
DA:318,0
DA:319,0
DA:322,0
DA:323,0
DA:324,0
DA:325,0
DA:327,0
DA:330,0
DA:337,0
DA:340,0
DA:343,0
DA:350,0
DA:351,0
DA:367,0
DA:373,0
DA:376,0
DA:377,0
DA:378,0
DA:388,0
DA:389,0
DA:392,0
DA:393,0
DA:394,0
DA:396,0
DA:406,0
DA:407,0
DA:409,0
DA:410,0
DA:411,0
DA:412,0
DA:415,0
DA:423,0
DA:432,0
DA:433,0
DA:434,0
DA:435,0
DA:439,0
DA:442,0
DA:443,0
DA:452,0
DA:454,0
DA:456,0
DA:459,0
DA:460,0
DA:464,0
DA:467,0
DA:470,0
DA:472,0
DA:481,0
DA:482,0
DA:498,0
DA:500,0
DA:503,0
DA:504,0
DA:505,0
DA:514,0
DA:515,0
DA:518,0
DA:519,0
DA:520,0
DA:523,0
DA:524,0
DA:525,0
DA:527,0
DA:530,0
DA:534,0
DA:544,0
DA:545,0
DA:548,0
DA:557,0
DA:558,0
DA:559,0
DA:563,0
DA:566,0
DA:567,0
DA:570,0
DA:601,0
DA:602,0
DA:618,0
DA:625,0
DA:662,0
DA:665,0
DA:666,0
DA:667,0
DA:668,0
DA:673,0
DA:674,0
DA:675,0
DA:686,0
DA:687,0
DA:688,0
DA:692,0
DA:693,0
DA:694,0
DA:698,0
DA:700,0
DA:704,0
DA:705,0
DA:707,0
DA:708,0
DA:709,0
DA:714,0
DA:721,0
DA:728,0
DA:729,0
DA:738,0
DA:740,0
DA:742,0
DA:743,0
DA:744,0
DA:745,0
DA:747,0
DA:751,0
DA:760,0
DA:761,0
DA:762,0
DA:763,0
DA:764,0
DA:770,0
DA:771,0
DA:774,0
DA:775,0
DA:778,0
DA:781,0
DA:790,0
DA:791,0
DA:794,0
DA:796,0
DA:797,0
DA:798,0
DA:799,0
DA:803,0
DA:804,0
DA:805,0
DA:806,0
DA:811,0
DA:812,0
DA:813,0
DA:817,0
DA:818,0
DA:819,0
DA:820,0
DA:821,0
DA:825,0
DA:828,0
DA:829,0
DA:838,0
DA:840,0
DA:842,0
DA:844,0
DA:845,0
DA:846,0
DA:847,0
DA:851,0
DA:852,0
DA:853,0
DA:856,0
DA:857,0
DA:858,0
DA:861,0
DA:864,0
DA:865,0
DA:870,0
DA:872,0
DA:873,0
DA:874,0
DA:876,0
DA:877,0
DA:878,0
DA:882,0
DA:883,0
DA:884,0
DA:894,0
DA:895,0
DA:899,0
DA:901,0
DA:905,0
DA:906,0
DA:909,0
DA:916,0
DA:917,0
DA:920,0
DA:922,0
DA:923,0
DA:925,0
DA:928,0
DA:929,0
DA:933,0
DA:934,0
DA:935,0
DA:936,0
DA:938,0
DA:947,0
DA:948,0
DA:951,0
DA:952,0
DA:960,0
DA:961,0
DA:964,0
DA:966,0
DA:967,0
DA:968,0
DA:972,0
DA:973,0
DA:974,0
DA:978,0
DA:981,0
DA:990,0
DA:993,0
DA:994,0
DA:997,0
DA:998,0
DA:999,0
DA:1008,0
DA:1015,0
DA:1017,0
DA:1019,0
DA:1022,0
DA:1023,0
DA:1024,0
DA:1028,0
DA:1029,0
DA:1030,0
DA:1034,0
DA:1035,0
DA:1036,0
DA:1040,0
DA:1041,0
DA:1042,0
DA:1046,0
DA:1048,0
DA:1052,0
DA:1053,0
DA:1054,0
DA:1056,0
DA:1059,0
DA:1062,0
DA:1065,0
DA:1068,0
DA:1069,0
DA:1070,0
DA:1071,0
DA:1072,0
DA:1073,0
DA:1075,0
DA:1078,0
DA:1080,0
DA:1088,0
DA:1090,0
DA:1092,0
DA:1093,0
DA:1094,0
DA:1097,0
DA:1098,0
DA:1099,0
DA:1102,0
DA:1103,0
DA:1104,0
DA:1108,0
DA:1111,0
DA:1114,0
DA:1115,0
DA:1118,0
DA:1127,0
DA:1142,0
DA:1143,0
LF:375
LH:0
BRDA:48,0,0,0
BRDA:48,0,1,0
BRDA:48,1,0,0
BRDA:48,1,1,0
BRDA:54,2,0,0
BRDA:54,2,1,0
BRDA:135,3,0,0
BRDA:136,4,0,0
BRDA:136,4,1,0
BRDA:178,5,0,0
BRDA:178,5,1,0
BRDA:184,6,0,0
BRDA:184,6,1,0
BRDA:185,7,0,0
BRDA:185,7,1,0
BRDA:207,8,0,0
BRDA:207,8,1,0
BRDA:214,9,0,0
BRDA:214,9,1,0
BRDA:215,10,0,0
BRDA:215,10,1,0
BRDA:216,11,0,0
BRDA:216,11,1,0
BRDA:220,12,0,0
BRDA:220,12,1,0
BRDA:228,13,0,0
BRDA:228,13,1,0
BRDA:233,14,0,0
BRDA:233,14,1,0
BRDA:233,15,0,0
BRDA:233,15,1,0
BRDA:253,16,0,0
BRDA:253,16,1,0
BRDA:253,17,0,0
BRDA:253,17,1,0
BRDA:281,18,0,0
BRDA:281,18,1,0
BRDA:291,19,0,0
BRDA:291,19,1,0
BRDA:297,20,0,0
BRDA:297,20,1,0
BRDA:314,21,0,0
BRDA:314,21,1,0
BRDA:314,22,0,0
BRDA:314,22,1,0
BRDA:323,23,0,0
BRDA:323,23,1,0
BRDA:324,24,0,0
BRDA:324,24,1,0
BRDA:377,25,0,0
BRDA:377,25,1,0
BRDA:388,26,0,0
BRDA:388,26,1,0
BRDA:388,27,0,0
BRDA:388,27,1,0
BRDA:393,28,0,0
BRDA:393,28,1,0
BRDA:407,29,0,0
BRDA:407,29,1,0
BRDA:433,30,0,0
BRDA:433,30,1,0
BRDA:456,31,0,0
BRDA:456,31,1,0
BRDA:459,32,0,0
BRDA:459,32,1,0
BRDA:504,33,0,0
BRDA:504,33,1,0
BRDA:514,34,0,0
BRDA:514,34,1,0
BRDA:523,35,0,0
BRDA:523,35,1,0
BRDA:524,36,0,0
BRDA:524,36,1,0
BRDA:543,37,0,0
BRDA:544,38,0,0
BRDA:544,38,1,0
BRDA:557,39,0,0
BRDA:557,39,1,0
BRDA:563,40,0,0
BRDA:563,40,1,0
BRDA:566,41,0,0
BRDA:566,41,1,0
BRDA:567,42,0,0
BRDA:567,42,1,0
BRDA:591,43,0,0
BRDA:591,43,1,0
BRDA:592,44,0,0
BRDA:592,44,1,0
BRDA:627,45,0,0
BRDA:627,45,1,0
BRDA:649,46,0,0
BRDA:649,46,1,0
BRDA:667,47,0,0
BRDA:667,47,1,0
BRDA:674,48,0,0
BRDA:674,48,1,0
BRDA:687,49,0,0
BRDA:687,49,1,0
BRDA:693,50,0,0
BRDA:693,50,1,0
BRDA:698,51,0,0
BRDA:698,51,1,0
BRDA:698,52,0,0
BRDA:698,52,1,0
BRDA:705,53,0,0
BRDA:705,53,1,0
BRDA:708,54,0,0
BRDA:708,54,1,0
BRDA:708,55,0,0
BRDA:708,55,1,0
BRDA:728,56,0,0
BRDA:728,56,1,0
BRDA:742,57,0,0
BRDA:742,57,1,0
BRDA:744,58,0,0
BRDA:744,58,1,0
BRDA:744,59,0,0
BRDA:744,59,1,0
BRDA:763,60,0,0
BRDA:763,60,1,0
BRDA:774,61,0,0
BRDA:774,61,1,0
BRDA:790,62,0,0
BRDA:790,62,1,0
BRDA:797,63,0,0
BRDA:797,63,1,0
BRDA:803,64,0,0
BRDA:803,64,1,0
BRDA:803,65,0,0
BRDA:803,65,1,0
BRDA:804,66,0,0
BRDA:804,66,1,0
BRDA:811,67,0,0
BRDA:811,67,1,0
BRDA:811,68,0,0
BRDA:811,68,1,0
BRDA:817,69,0,0
BRDA:817,69,1,0
BRDA:819,70,0,0
BRDA:819,70,1,0
BRDA:844,71,0,0
BRDA:844,71,1,0
BRDA:851,72,0,0
BRDA:851,72,1,0
BRDA:851,73,0,0
BRDA:851,73,1,0
BRDA:856,74,0,0
BRDA:856,74,1,0
BRDA:856,75,0,0
BRDA:856,75,1,0
BRDA:856,75,2,0
BRDA:861,76,0,0
BRDA:861,76,1,0
BRDA:864,77,0,0
BRDA:864,77,1,0
BRDA:872,78,0,0
BRDA:872,78,1,0
BRDA:894,79,0,0
BRDA:894,79,1,0
BRDA:894,80,0,0
BRDA:894,80,1,0
BRDA:899,81,0,0
BRDA:899,81,1,0
BRDA:899,82,0,0
BRDA:899,82,1,0
BRDA:905,83,0,0
BRDA:905,83,1,0
BRDA:916,84,0,0
BRDA:916,84,1,0
BRDA:920,85,0,0
BRDA:920,85,1,0
BRDA:922,86,0,0
BRDA:922,86,1,0
BRDA:922,87,0,0
BRDA:922,87,1,0
BRDA:928,88,0,0
BRDA:928,88,1,0
BRDA:928,89,0,0
BRDA:928,89,1,0
BRDA:934,90,0,0
BRDA:934,90,1,0
BRDA:960,91,0,0
BRDA:960,91,1,0
BRDA:966,92,0,0
BRDA:966,92,1,0
BRDA:973,93,0,0
BRDA:973,93,1,0
BRDA:973,94,0,0
BRDA:973,94,1,0
BRDA:1022,95,0,0
BRDA:1022,95,1,0
BRDA:1028,96,0,0
BRDA:1028,96,1,0
BRDA:1034,97,0,0
BRDA:1034,97,1,0
BRDA:1040,98,0,0
BRDA:1040,98,1,0
BRDA:1046,99,0,0
BRDA:1046,99,1,0
BRDA:1093,100,0,0
BRDA:1093,100,1,0
BRDA:1093,101,0,0
BRDA:1093,101,1,0
BRDA:1098,102,0,0
BRDA:1098,102,1,0
BRDA:1098,103,0,0
BRDA:1098,103,1,0
BRDA:1103,104,0,0
BRDA:1103,104,1,0
BRDA:1103,105,0,0
BRDA:1103,105,1,0
BRDA:1142,106,0,0
BRDA:1142,106,1,0
BRDA:1142,107,0,0
BRDA:1142,107,1,0
BRF:215
BRH:0
end_of_record
